TN:
SF:src\app\layout.tsx
FN:24,RootLayout
FNF:1
FNH:0
FNDA:0,RootLayout
DA:1,0
DA:3,0
DA:4,0
DA:5,0
DA:7,0
DA:8,0
DA:9,0
DA:10,0
DA:11,0
DA:13,0
DA:19,0
DA:24,0
LF:12
LH:0
BRF:0
BRH:0
end_of_record
TN:
SF:src\app\page.tsx
FNF:0
FNH:0
DA:1,0
LF:1
LH:0
BRF:0
BRH:0
end_of_record
TN:
SF:src\app\autoclavi\page.tsx
FNF:0
FNH:0
DA:1,0
LF:1
LH:0
BRF:0
BRH:0
end_of_record
TN:
SF:src\app\catalogo\page.tsx
FNF:0
FNH:0
DA:1,0
LF:1
LH:0
BRF:0
BRH:0
end_of_record
TN:
SF:src\app\dashboard\layout.tsx
FN:9,DashboardLayout
FNF:1
FNH:0
FNDA:0,DashboardLayout
DA:3,0
DA:9,0
LF:2
LH:0
BRF:0
BRH:0
end_of_record
TN:
SF:src\app\dashboard\page.tsx
FNF:0
FNH:0
DA:1,0
LF:1
LH:0
BRF:0
BRH:0
end_of_record
TN:
SF:src\app\dashboard\admin\impostazioni\page.tsx
FNF:0
FNH:0
DA:1,0
LF:1
LH:0
BRF:0
BRH:0
end_of_record
TN:
SF:src\app\dashboard\clean-room\produzione\page.tsx
FNF:0
FNH:0
DA:1,0
LF:1
LH:0
BRF:0
BRH:0
end_of_record
TN:
SF:src\app\dashboard\clean-room\tempi\components\tempo-fase-modal.tsx
FNF:0
FNH:0
DA:1,0
LF:1
LH:0
BRF:0
BRH:0
end_of_record
TN:
SF:src\app\dashboard\clean-room\tools\page.tsx
FNF:0
FNH:0
DA:1,0
LF:1
LH:0
BRF:0
BRH:0
end_of_record
TN:
SF:src\app\dashboard\clean-room\tools\components\tool-modal.tsx
FNF:0
FNH:0
DA:1,0
LF:1
LH:0
BRF:0
BRH:0
end_of_record
TN:
SF:src\app\dashboard\curing\batch-monitoring\page.tsx
FNF:0
FNH:0
DA:1,0
DA:4,0
LF:2
LH:0
BRF:0
BRH:0
end_of_record
TN:
SF:src\app\dashboard\curing\cicli-cura\page.tsx
FNF:0
FNH:0
DA:1,0
LF:1
LH:0
BRF:0
BRH:0
end_of_record
TN:
SF:src\app\dashboard\curing\conferma-cura\page.tsx
FNF:0
FNH:0
DA:1,0
LF:1
LH:0
BRF:0
BRH:0
end_of_record
TN:
SF:src\app\dashboard\curing\nesting\page.tsx
FNF:0
FNH:0
DA:1,0
LF:1
LH:0
BRF:0
BRH:0
end_of_record
TN:
SF:src\app\dashboard\curing\nesting\result\[batch_id]\page.tsx
FNF:0
FNH:0
DA:1,0
LF:1
LH:0
BRF:0
BRH:0
end_of_record
TN:
SF:src\app\dashboard\curing\statistics\page.tsx
FNF:0
FNH:0
DA:1,0
LF:1
LH:0
BRF:0
BRH:0
end_of_record
TN:
SF:src\app\dashboard\management\logs\page.tsx
FNF:0
FNH:0
DA:1,0
LF:1
LH:0
BRF:0
BRH:0
end_of_record
TN:
SF:src\app\dashboard\management\monitoraggio\page.tsx
FNF:0
FNH:0
DA:1,0
LF:1
LH:0
BRF:0
BRH:0
end_of_record
TN:
SF:src\app\dashboard\monitoraggio\page.tsx
FNF:0
FNH:0
DA:1,0
LF:1
LH:0
BRF:0
BRH:0
end_of_record
TN:
SF:src\app\dashboard\monitoraggio\components\performance-generale.tsx
FN:35,PerformanceGenerale
FN:39,(anonymous_2)
FN:40,(anonymous_3)
FN:51,(anonymous_4)
FN:57,(anonymous_5)
FN:61,(anonymous_6)
FN:69,(anonymous_7)
FN:70,(anonymous_8)
FN:82,(anonymous_9)
FN:83,(anonymous_10)
FN:87,(anonymous_11)
FN:102,(anonymous_12)
FNF:12
FNH:0
FNDA:0,PerformanceGenerale
FNDA:0,(anonymous_2)
FNDA:0,(anonymous_3)
FNDA:0,(anonymous_4)
FNDA:0,(anonymous_5)
FNDA:0,(anonymous_6)
FNDA:0,(anonymous_7)
FNDA:0,(anonymous_8)
FNDA:0,(anonymous_9)
FNDA:0,(anonymous_10)
FNDA:0,(anonymous_11)
FNDA:0,(anonymous_12)
DA:3,0
DA:4,0
DA:5,0
DA:6,0
DA:7,0
DA:8,0
DA:9,0
DA:35,0
DA:36,0
DA:37,0
DA:39,0
DA:40,0
DA:41,0
DA:42,0
DA:45,0
DA:48,0
DA:50,0
DA:51,0
DA:52,0
DA:56,0
DA:57,0
DA:60,0
DA:61,0
DA:62,0
DA:63,0
DA:68,0
DA:69,0
DA:70,0
DA:71,0
DA:73,0
DA:76,0
DA:77,0
DA:78,0
DA:81,0
DA:82,0
DA:83,0
DA:86,0
DA:87,0
DA:88,0
DA:90,0
DA:93,0
DA:98,0
DA:101,0
DA:102,0
DA:103,0
DA:105,0
DA:107,0
DA:118,0
DA:119,0
DA:121,0
DA:125,0
DA:128,0
DA:137,0
LF:53
LH:0
BRDA:50,0,0,0
BRDA:50,0,1,0
BRDA:50,1,0,0
BRDA:50,1,1,0
BRDA:56,2,0,0
BRDA:56,2,1,0
BRDA:56,3,0,0
BRDA:56,3,1,0
BRDA:60,4,0,0
BRDA:60,4,1,0
BRDA:60,5,0,0
BRDA:60,5,1,0
BRDA:63,6,0,0
BRDA:63,6,1,0
BRDA:77,7,0,0
BRDA:77,7,1,0
BRDA:83,8,0,0
BRDA:83,8,1,0
BRDA:86,9,0,0
BRDA:86,9,1,0
BRDA:88,10,0,0
BRDA:88,10,1,0
BRDA:98,11,0,0
BRDA:98,11,1,0
BRDA:128,12,0,0
BRDA:128,12,1,0
BRDA:137,13,0,0
BRDA:137,13,1,0
BRDA:161,14,0,0
BRDA:178,15,0,0
BRDA:224,16,0,0
BRDA:224,16,1,0
BRDA:224,17,0,0
BRDA:224,17,1,0
BRDA:232,18,0,0
BRDA:232,18,1,0
BRDA:233,19,0,0
BRDA:233,19,1,0
BRDA:240,20,0,0
BRDA:240,20,1,0
BRDA:241,21,0,0
BRDA:241,21,1,0
BRDA:259,22,0,0
BRDA:264,23,0,0
BRDA:264,23,1,0
BRF:45
BRH:0
end_of_record
TN:
SF:src\app\dashboard\monitoraggio\components\statistiche-catalogo.tsx
FN:46,StatisticheCatalogo
FN:53,(anonymous_5)
FN:56,(anonymous_6)
FN:88,(anonymous_7)
FN:94,(anonymous_8)
FN:101,(anonymous_9)
FN:113,(anonymous_10)
FN:123,(anonymous_11)
FN:129,(anonymous_12)
FN:142,(anonymous_13)
FN:148,(anonymous_14)
FN:161,(anonymous_15)
FN:167,(anonymous_16)
FN:180,(anonymous_17)
FN:185,(anonymous_18)
FN:191,(anonymous_19)
FN:197,(anonymous_20)
FN:221,(anonymous_21)
FN:233,(anonymous_22)
FN:241,(anonymous_23)
FN:335,(anonymous_24)
FNF:21
FNH:0
FNDA:0,StatisticheCatalogo
FNDA:0,(anonymous_5)
FNDA:0,(anonymous_6)
FNDA:0,(anonymous_7)
FNDA:0,(anonymous_8)
FNDA:0,(anonymous_9)
FNDA:0,(anonymous_10)
FNDA:0,(anonymous_11)
FNDA:0,(anonymous_12)
FNDA:0,(anonymous_13)
FNDA:0,(anonymous_14)
FNDA:0,(anonymous_15)
FNDA:0,(anonymous_16)
FNDA:0,(anonymous_17)
FNDA:0,(anonymous_18)
FNDA:0,(anonymous_19)
FNDA:0,(anonymous_20)
FNDA:0,(anonymous_21)
FNDA:0,(anonymous_22)
FNDA:0,(anonymous_23)
FNDA:0,(anonymous_24)
DA:3,0
DA:4,0
DA:5,0
DA:7,0
DA:8,0
DA:9,0
DA:10,0
DA:11,0
DA:12,0
DA:46,0
DA:47,0
DA:48,0
DA:49,0
DA:50,0
DA:53,0
DA:54,0
DA:56,0
DA:57,0
DA:58,0
DA:59,0
DA:62,0
DA:63,0
DA:66,0
DA:67,0
DA:69,0
DA:70,0
DA:73,0
DA:74,0
DA:75,0
DA:78,0
DA:79,0
DA:84,0
DA:85,0
DA:88,0
DA:89,0
DA:94,0
DA:95,0
DA:96,0
DA:101,0
DA:102,0
DA:104,0
DA:105,0
DA:113,0
DA:114,0
DA:119,0
DA:123,0
DA:124,0
DA:126,0
DA:128,0
DA:129,0
DA:130,0
DA:131,0
DA:135,0
DA:138,0
DA:142,0
DA:143,0
DA:145,0
DA:147,0
DA:148,0
DA:149,0
DA:150,0
DA:154,0
DA:157,0
DA:161,0
DA:162,0
DA:164,0
DA:166,0
DA:167,0
DA:168,0
DA:169,0
DA:173,0
DA:176,0
DA:180,0
DA:181,0
DA:185,0
DA:186,0
DA:187,0
DA:191,0
DA:197,0
DA:198,0
DA:199,0
DA:200,0
DA:201,0
DA:202,0
DA:221,0
DA:234,0
DA:241,0
DA:336,0
DA:338,0
LF:89
LH:0
BRDA:57,0,0,0
BRDA:57,0,1,0
BRDA:69,1,0,0
BRDA:69,1,1,0
BRDA:74,2,0,0
BRDA:74,2,1,0
BRDA:78,3,0,0
BRDA:78,3,1,0
BRDA:84,4,0,0
BRDA:84,4,1,0
BRDA:95,5,0,0
BRDA:95,5,1,0
BRDA:95,6,0,0
BRDA:95,6,1,0
BRDA:95,6,2,0
BRDA:102,7,0,0
BRDA:102,7,1,0
BRDA:106,8,0,0
BRDA:106,8,1,0
BRDA:106,8,2,0
BRDA:106,8,3,0
BRDA:106,8,4,0
BRDA:119,9,0,0
BRDA:119,9,1,0
BRDA:124,10,0,0
BRDA:124,10,1,0
BRDA:124,11,0,0
BRDA:124,11,1,0
BRDA:130,12,0,0
BRDA:130,12,1,0
BRDA:130,13,0,0
BRDA:130,13,1,0
BRDA:143,14,0,0
BRDA:143,14,1,0
BRDA:143,15,0,0
BRDA:143,15,1,0
BRDA:149,16,0,0
BRDA:149,16,1,0
BRDA:149,17,0,0
BRDA:149,17,1,0
BRDA:162,18,0,0
BRDA:162,18,1,0
BRDA:162,19,0,0
BRDA:162,19,1,0
BRDA:168,20,0,0
BRDA:168,20,1,0
BRDA:168,21,0,0
BRDA:168,21,1,0
BRDA:168,21,2,0
BRDA:181,22,0,0
BRDA:181,22,1,0
BRDA:186,23,0,0
BRDA:186,23,1,0
BRDA:193,24,0,0
BRDA:198,25,0,0
BRDA:198,25,1,0
BRDA:198,25,2,0
BRDA:198,25,3,0
BRDA:228,26,0,0
BRDA:228,26,1,0
BRDA:237,27,0,0
BRDA:237,27,1,0
BRDA:258,28,0,0
BRDA:258,28,1,0
BRDA:261,29,0,0
BRDA:270,30,0,0
BRDA:277,31,0,0
BRDA:282,32,0,0
BRDA:296,33,0,0
BRDA:296,33,1,0
BRDA:322,34,0,0
BRDA:322,34,1,0
BRDA:322,35,0,0
BRDA:322,35,1,0
BRDA:335,36,0,0
BRDA:335,36,1,0
BRDA:335,36,2,0
BRDA:336,37,0,0
BRDA:336,37,1,0
BRDA:343,38,0,0
BRDA:353,39,0,0
BRDA:353,39,1,0
BRDA:370,40,0,0
BRDA:383,41,0,0
BRDA:383,41,1,0
BRDA:383,42,0,0
BRDA:383,42,1,0
BRDA:391,43,0,0
BRDA:391,43,1,0
BRDA:391,43,2,0
BRDA:399,44,0,0
BRDA:405,45,0,0
BRF:92
BRH:0
end_of_record
TN:
SF:src\app\dashboard\monitoraggio\components\tempi-odl.tsx
FN:37,(anonymous_1)
FN:50,(anonymous_2)
FN:60,(anonymous_3)
FN:69,TempiODL
FN:85,(anonymous_5)
FN:102,(anonymous_6)
FN:110,(anonymous_7)
FN:112,(anonymous_8)
FN:114,(anonymous_9)
FN:121,(anonymous_10)
FN:123,(anonymous_11)
FN:125,(anonymous_12)
FN:140,(anonymous_13)
FN:145,(anonymous_14)
FN:149,(anonymous_15)
FN:160,(anonymous_16)
FN:161,(anonymous_17)
FN:165,(anonymous_18)
FN:175,(anonymous_19)
FN:208,(anonymous_20)
FN:224,(anonymous_21)
FN:249,(anonymous_22)
FN:288,(anonymous_23)
FN:341,(anonymous_24)
FN:376,(anonymous_25)
FN:389,(anonymous_26)
FN:398,(anonymous_27)
FN:423,(anonymous_28)
FN:424,(anonymous_29)
FN:426,(anonymous_30)
FN:446,(anonymous_31)
FN:447,(anonymous_32)
FN:473,(anonymous_33)
FN:479,(anonymous_34)
FN:520,(anonymous_35)
FN:527,(anonymous_36)
FNF:36
FNH:0
FNDA:0,(anonymous_1)
FNDA:0,(anonymous_2)
FNDA:0,(anonymous_3)
FNDA:0,TempiODL
FNDA:0,(anonymous_5)
FNDA:0,(anonymous_6)
FNDA:0,(anonymous_7)
FNDA:0,(anonymous_8)
FNDA:0,(anonymous_9)
FNDA:0,(anonymous_10)
FNDA:0,(anonymous_11)
FNDA:0,(anonymous_12)
FNDA:0,(anonymous_13)
FNDA:0,(anonymous_14)
FNDA:0,(anonymous_15)
FNDA:0,(anonymous_16)
FNDA:0,(anonymous_17)
FNDA:0,(anonymous_18)
FNDA:0,(anonymous_19)
FNDA:0,(anonymous_20)
FNDA:0,(anonymous_21)
FNDA:0,(anonymous_22)
FNDA:0,(anonymous_23)
FNDA:0,(anonymous_24)
FNDA:0,(anonymous_25)
FNDA:0,(anonymous_26)
FNDA:0,(anonymous_27)
FNDA:0,(anonymous_28)
FNDA:0,(anonymous_29)
FNDA:0,(anonymous_30)
FNDA:0,(anonymous_31)
FNDA:0,(anonymous_32)
FNDA:0,(anonymous_33)
FNDA:0,(anonymous_34)
FNDA:0,(anonymous_35)
FNDA:0,(anonymous_36)
DA:3,0
DA:4,0
DA:5,0
DA:6,0
DA:7,0
DA:8,0
DA:9,0
DA:10,0
DA:11,0
DA:12,0
DA:13,0
DA:15,0
DA:16,0
DA:17,0
DA:18,0
DA:19,0
DA:20,0
DA:37,0
DA:38,0
DA:39,0
DA:40,0
DA:42,0
DA:43,0
DA:46,0
DA:50,0
DA:51,0
DA:56,0
DA:60,0
DA:61,0
DA:66,0
DA:69,0
DA:70,0
DA:71,0
DA:72,0
DA:73,0
DA:74,0
DA:77,0
DA:78,0
DA:79,0
DA:80,0
DA:82,0
DA:83,0
DA:85,0
DA:86,0
DA:87,0
DA:90,0
DA:93,0
DA:94,0
DA:97,0
DA:98,0
DA:101,0
DA:102,0
DA:103,0
DA:104,0
DA:109,0
DA:110,0
DA:111,0
DA:112,0
DA:114,0
DA:115,0
DA:120,0
DA:121,0
DA:122,0
DA:123,0
DA:125,0
DA:126,0
DA:130,0
DA:131,0
DA:133,0
DA:134,0
DA:136,0
DA:141,0
DA:145,0
DA:146,0
DA:148,0
DA:149,0
DA:151,0
DA:160,0
DA:161,0
DA:165,0
DA:166,0
DA:167,0
DA:168,0
DA:169,0
DA:170,0
DA:175,0
DA:176,0
DA:178,0
DA:179,0
DA:182,0
DA:186,0
DA:192,0
DA:193,0
DA:196,0
DA:197,0
DA:203,0
DA:208,0
DA:209,0
DA:210,0
DA:212,0
DA:214,0
DA:215,0
DA:226,0
DA:228,0
DA:234,0
DA:239,0
DA:240,0
DA:249,0
DA:250,0
DA:251,0
DA:255,0
DA:261,0
DA:264,0
DA:265,0
DA:273,0
DA:288,0
DA:342,0
DA:343,0
DA:376,0
DA:389,0
DA:398,0
DA:424,0
DA:425,0
DA:426,0
DA:429,0
DA:447,0
DA:448,0
DA:450,0
DA:473,0
DA:479,0
DA:520,0
DA:527,0
LF:132
LH:0
BRDA:38,0,0,0
BRDA:38,0,1,0
BRDA:42,1,0,0
BRDA:42,1,1,0
BRDA:56,2,0,0
BRDA:56,2,1,0
BRDA:66,3,0,0
BRDA:66,3,1,0
BRDA:93,4,0,0
BRDA:93,4,1,0
BRDA:101,5,0,0
BRDA:101,5,1,0
BRDA:101,6,0,0
BRDA:101,6,1,0
BRDA:104,7,0,0
BRDA:104,7,1,0
BRDA:109,8,0,0
BRDA:109,8,1,0
BRDA:109,9,0,0
BRDA:109,9,1,0
BRDA:120,10,0,0
BRDA:120,10,1,0
BRDA:120,11,0,0
BRDA:120,11,1,0
BRDA:146,12,0,0
BRDA:146,12,1,0
BRDA:152,13,0,0
BRDA:152,13,1,0
BRDA:152,13,2,0
BRDA:152,13,3,0
BRDA:152,13,4,0
BRDA:161,14,0,0
BRDA:161,14,1,0
BRDA:167,15,0,0
BRDA:167,15,1,0
BRDA:169,16,0,0
BRDA:169,16,1,0
BRDA:176,17,0,0
BRDA:176,17,1,0
BRDA:210,18,0,0
BRDA:210,18,1,0
BRDA:216,19,0,0
BRDA:216,19,1,0
BRDA:217,20,0,0
BRDA:217,20,1,0
BRDA:223,21,0,0
BRDA:223,21,1,0
BRDA:257,22,0,0
BRDA:257,22,1,0
BRDA:273,23,0,0
BRDA:273,23,1,0
BRDA:305,24,0,0
BRDA:305,24,1,0
BRDA:311,25,0,0
BRDA:347,26,0,0
BRDA:347,26,1,0
BRDA:358,27,0,0
BRDA:364,28,0,0
BRDA:364,28,1,0
BRDA:364,29,0,0
BRDA:364,29,1,0
BRDA:365,30,0,0
BRDA:365,30,1,0
BRDA:365,31,0,0
BRDA:365,31,1,0
BRDA:371,32,0,0
BRDA:371,32,1,0
BRDA:375,33,0,0
BRDA:375,33,1,0
BRDA:378,34,0,0
BRDA:378,34,1,0
BRDA:380,35,0,0
BRDA:380,35,1,0
BRDA:415,36,0,0
BRDA:424,37,0,0
BRDA:424,37,1,0
BRDA:425,38,0,0
BRDA:425,38,1,0
BRDA:448,39,0,0
BRDA:448,39,1,0
BRDA:502,40,0,0
BRDA:502,40,1,0
BRDA:510,41,0,0
BRDA:510,41,1,0
BRDA:531,42,0,0
BRDA:531,42,1,0
BRF:86
BRH:0
end_of_record
TN:
SF:src\app\modules\admin\system-logs\page.tsx
FNF:0
FNH:0
DA:1,0
LF:1
LH:0
BRF:0
BRH:0
end_of_record
TN:
SF:src\app\modules\autoclavi\page.tsx
FNF:0
FNH:0
DA:1,0
LF:1
LH:0
BRF:0
BRH:0
end_of_record
TN:
SF:src\app\modules\batch\page.tsx
FNF:0
FNH:0
DA:1,0
LF:1
LH:0
BRF:0
BRH:0
end_of_record
TN:
SF:src\app\modules\catalogo\page.tsx
FNF:0
FNH:0
DA:1,0
LF:1
LH:0
BRF:0
BRH:0
end_of_record
TN:
SF:src\app\modules\dashboard\page.tsx
FNF:0
FNH:0
DA:1,0
LF:1
LH:0
BRF:0
BRH:0
end_of_record
TN:
SF:src\app\modules\nesting\new\page.tsx
FNF:0
FNH:0
DA:1,0
LF:1
LH:0
BRF:0
BRH:0
end_of_record
TN:
SF:src\app\modules\nesting\result\[batch_id]\page.tsx
FNF:0
FNH:0
DA:1,0
LF:1
LH:0
BRF:0
BRH:0
end_of_record
TN:
SF:src\app\modules\odl\page.tsx
FNF:0
FNH:0
DA:1,0
LF:1
LH:0
BRF:0
BRH:0
end_of_record
TN:
SF:src\app\modules\parti\page.tsx
FNF:0
FNH:0
DA:1,0
LF:1
LH:0
BRF:0
BRH:0
end_of_record
TN:
SF:src\app\modules\report\page.tsx
FNF:0
FNH:0
DA:1,0
LF:1
LH:0
BRF:0
BRH:0
end_of_record
TN:
SF:src\app\modules\role\page.tsx
FNF:0
FNH:0
DA:1,0
LF:1
LH:0
BRF:0
BRH:0
end_of_record
TN:
SF:src\app\modules\schedule\page.tsx
FNF:0
FNH:0
DA:1,0
LF:1
LH:0
BRF:0
BRH:0
end_of_record
TN:
SF:src\app\modules\tempi\page.tsx
FNF:0
FNH:0
DA:1,0
LF:1
LH:0
BRF:0
BRH:0
end_of_record
TN:
SF:src\app\modules\tools\page.tsx
FNF:0
FNH:0
DA:1,0
LF:1
LH:0
BRF:0
BRH:0
end_of_record
TN:
SF:src\app\nesting\page.tsx
FNF:0
FNH:0
DA:1,0
LF:1
LH:0
BRF:0
BRH:0
end_of_record
TN:
SF:src\app\nesting\list\page.tsx
FNF:0
FNH:0
DA:1,0
LF:1
LH:0
BRF:0
BRH:0
end_of_record
TN:
SF:src\app\nesting\new\page.tsx
FNF:0
FNH:0
DA:1,0
LF:1
LH:0
BRF:0
BRH:0
end_of_record
TN:
SF:src\app\nesting\preview\page.tsx
FNF:0
FNH:0
DA:1,0
LF:1
LH:0
BRF:0
BRH:0
end_of_record
TN:
SF:src\app\nesting\result\[batch_id]\page.tsx
FNF:0
FNH:0
DA:1,0
LF:1
LH:0
BRF:0
BRH:0
end_of_record
TN:
SF:src\app\odl\page.tsx
FNF:0
FNH:0
DA:1,0
LF:1
LH:0
BRF:0
BRH:0
end_of_record
TN:
SF:src\app\odl\[id]\page.tsx
FNF:0
FNH:0
DA:1,0
LF:1
LH:0
BRF:0
BRH:0
end_of_record
TN:
SF:src\app\odl\[id]\avanza\page.tsx
FNF:0
FNH:0
DA:1,0
LF:1
LH:0
BRF:0
BRH:0
end_of_record
TN:
SF:src\app\parti\page.tsx
FNF:0
FNH:0
DA:1,0
LF:1
LH:0
BRF:0
BRH:0
end_of_record
TN:
SF:src\app\report\page.tsx
FNF:0
FNH:0
DA:1,0
LF:1
LH:0
BRF:0
BRH:0
end_of_record
TN:
SF:src\app\schedule\page.tsx
FNF:0
FNH:0
DA:1,0
LF:1
LH:0
BRF:0
BRH:0
end_of_record
TN:
SF:src\app\tempi\page.tsx
FNF:0
FNH:0
DA:1,0
LF:1
LH:0
BRF:0
BRH:0
end_of_record
TN:
SF:src\app\test-canvas\page.tsx
FN:6,TestCanvasPage
FN:9,(anonymous_2)
FN:88,(anonymous_3)
FNF:3
FNH:0
FNDA:0,TestCanvasPage
FNDA:0,(anonymous_2)
FNDA:0,(anonymous_3)
DA:3,0
DA:4,0
DA:6,0
DA:7,0
DA:9,0
DA:11,0
DA:65,0
DA:68,0
DA:89,0
LF:9
LH:0
BRDA:68,0,0,0
BRDA:68,0,1,0
BRDA:91,1,0,0
BRDA:91,1,1,0
BRF:4
BRH:0
end_of_record
TN:
SF:src\app\tools\page.tsx
FNF:0
FNH:0
DA:1,0
LF:1
LH:0
BRF:0
BRH:0
end_of_record
TN:
SF:src\modules\admin\impostazioni\page.tsx
FN:15,ImpostazioniPage
FN:29,(anonymous_5)
FN:81,(anonymous_6)
FN:131,(anonymous_7)
FN:183,(anonymous_8)
FN:199,(anonymous_9)
FN:346,(anonymous_10)
FN:359,(anonymous_11)
FN:410,(anonymous_12)
FN:415,(anonymous_13)
FNF:10
FNH:0
FNDA:0,ImpostazioniPage
FNDA:0,(anonymous_5)
FNDA:0,(anonymous_6)
FNDA:0,(anonymous_7)
FNDA:0,(anonymous_8)
FNDA:0,(anonymous_9)
FNDA:0,(anonymous_10)
FNDA:0,(anonymous_11)
FNDA:0,(anonymous_12)
FNDA:0,(anonymous_13)
DA:3,0
DA:4,0
DA:5,0
DA:6,0
DA:7,0
DA:8,0
DA:9,0
DA:10,0
DA:11,0
DA:12,0
DA:13,0
DA:15,0
DA:16,0
DA:17,0
DA:18,0
DA:19,0
DA:20,0
DA:21,0
DA:22,0
DA:23,0
DA:24,0
DA:26,0
DA:29,0
DA:30,0
DA:31,0
DA:32,0
DA:39,0
DA:40,0
DA:44,0
DA:45,0
DA:46,0
DA:47,0
DA:48,0
DA:49,0
DA:54,0
DA:55,0
DA:56,0
DA:57,0
DA:58,0
DA:59,0
DA:60,0
DA:61,0
DA:62,0
DA:64,0
DA:69,0
DA:70,0
DA:76,0
DA:81,0
DA:82,0
DA:83,0
DA:88,0
DA:91,0
DA:92,0
DA:93,0
DA:94,0
DA:96,0
DA:101,0
DA:103,0
DA:104,0
DA:107,0
DA:112,0
DA:113,0
DA:116,0
DA:119,0
DA:120,0
DA:126,0
DA:131,0
DA:132,0
DA:133,0
DA:138,0
DA:141,0
DA:142,0
DA:143,0
DA:153,0
DA:155,0
DA:156,0
DA:159,0
DA:164,0
DA:165,0
DA:168,0
DA:171,0
DA:172,0
DA:178,0
DA:183,0
DA:184,0
DA:185,0
DA:186,0
DA:187,0
DA:188,0
DA:189,0
DA:192,0
DA:194,0
DA:199,0
DA:200,0
DA:346,0
DA:359,0
DA:410,0
DA:416,0
DA:417,0
LF:99
LH:0
BRDA:39,0,0,0
BRDA:39,0,1,0
BRDA:46,1,0,0
BRDA:46,1,1,0
BRDA:48,2,0,0
BRDA:48,2,1,0
BRDA:72,3,0,0
BRDA:72,3,1,0
BRDA:82,4,0,0
BRDA:82,4,1,0
BRDA:103,5,0,0
BRDA:103,5,1,0
BRDA:104,6,0,0
BRDA:104,6,1,0
BRDA:109,7,0,0
BRDA:109,7,1,0
BRDA:122,8,0,0
BRDA:122,8,1,0
BRDA:132,9,0,0
BRDA:132,9,1,0
BRDA:155,10,0,0
BRDA:155,10,1,0
BRDA:156,11,0,0
BRDA:156,11,1,0
BRDA:174,12,0,0
BRDA:174,12,1,0
BRDA:187,13,0,0
BRDA:187,13,1,0
BRDA:259,14,0,0
BRDA:314,15,0,0
BRDA:314,15,1,0
BRDA:346,16,0,0
BRDA:346,16,1,0
BRDA:349,17,0,0
BRDA:364,18,0,0
BRDA:364,18,1,0
BRDA:366,19,0,0
BRDA:366,19,1,0
BRDA:424,20,0,0
BRDA:424,20,1,0
BRDA:426,21,0,0
BRDA:426,21,1,0
BRF:42
BRH:0
end_of_record
TN:
SF:src\modules\admin\logs\page.tsx
FN:69,AdminLogsPage
FN:83,(anonymous_3)
FN:87,(anonymous_4)
FN:103,(anonymous_5)
FN:115,(anonymous_6)
FN:118,(anonymous_7)
FN:139,(anonymous_8)
FN:144,(anonymous_9)
FN:148,(anonymous_10)
FN:202,(anonymous_11)
FN:215,(anonymous_12)
FN:235,(anonymous_13)
FN:235,(anonymous_14)
FN:242,(anonymous_15)
FN:250,(anonymous_16)
FN:250,(anonymous_17)
FN:257,(anonymous_18)
FN:265,(anonymous_19)
FN:265,(anonymous_20)
FN:283,(anonymous_21)
FN:283,(anonymous_22)
FN:290,(anonymous_23)
FN:290,(anonymous_24)
FN:295,(anonymous_25)
FN:295,(anonymous_26)
FN:336,(anonymous_27)
FNF:26
FNH:0
FNDA:0,AdminLogsPage
FNDA:0,(anonymous_3)
FNDA:0,(anonymous_4)
FNDA:0,(anonymous_5)
FNDA:0,(anonymous_6)
FNDA:0,(anonymous_7)
FNDA:0,(anonymous_8)
FNDA:0,(anonymous_9)
FNDA:0,(anonymous_10)
FNDA:0,(anonymous_11)
FNDA:0,(anonymous_12)
FNDA:0,(anonymous_13)
FNDA:0,(anonymous_14)
FNDA:0,(anonymous_15)
FNDA:0,(anonymous_16)
FNDA:0,(anonymous_17)
FNDA:0,(anonymous_18)
FNDA:0,(anonymous_19)
FNDA:0,(anonymous_20)
FNDA:0,(anonymous_21)
FNDA:0,(anonymous_22)
FNDA:0,(anonymous_23)
FNDA:0,(anonymous_24)
FNDA:0,(anonymous_25)
FNDA:0,(anonymous_26)
FNDA:0,(anonymous_27)
DA:3,0
DA:4,0
DA:5,0
DA:6,0
DA:7,0
DA:8,0
DA:9,0
DA:10,0
DA:12,0
DA:38,0
DA:54,0
DA:62,0
DA:69,0
DA:70,0
DA:71,0
DA:72,0
DA:73,0
DA:83,0
DA:84,0
DA:85,0
DA:86,0
DA:87,0
DA:88,0
DA:91,0
DA:92,0
DA:93,0
DA:94,0
DA:97,0
DA:99,0
DA:103,0
DA:104,0
DA:105,0
DA:106,0
DA:107,0
DA:108,0
DA:111,0
DA:115,0
DA:116,0
DA:117,0
DA:118,0
DA:119,0
DA:122,0
DA:123,0
DA:124,0
DA:125,0
DA:126,0
DA:127,0
DA:128,0
DA:129,0
DA:130,0
DA:131,0
DA:132,0
DA:135,0
DA:139,0
DA:140,0
DA:141,0
DA:144,0
DA:145,0
DA:148,0
DA:149,0
DA:202,0
DA:215,0
DA:235,0
DA:243,0
DA:250,0
DA:258,0
DA:265,0
DA:283,0
DA:290,0
DA:295,0
DA:337,0
LF:71
LH:0
BRDA:88,0,0,0
BRDA:88,0,1,0
BRDA:92,1,0,0
BRDA:92,1,1,0
BRDA:106,2,0,0
BRDA:106,2,1,0
BRDA:119,3,0,0
BRDA:119,3,1,0
BRDA:119,4,0,0
BRDA:119,4,1,0
BRDA:123,5,0,0
BRDA:123,5,1,0
BRDA:173,6,0,0
BRDA:201,7,0,0
BRDA:201,7,1,0
BRDA:214,8,0,0
BRDA:214,8,1,0
BRDA:234,9,0,0
BRDA:234,9,1,0
BRDA:235,10,0,0
BRDA:235,10,1,0
BRDA:249,11,0,0
BRDA:249,11,1,0
BRDA:250,12,0,0
BRDA:250,12,1,0
BRDA:264,13,0,0
BRDA:264,13,1,0
BRDA:265,14,0,0
BRDA:265,14,1,0
BRDA:318,15,0,0
BRDA:347,16,0,0
BRDA:347,16,1,0
BRDA:350,17,0,0
BRDA:350,17,1,0
BRDA:356,18,0,0
BRDA:356,18,1,0
BRDA:363,19,0,0
BRF:37
BRH:0
end_of_record
TN:
SF:src\modules\admin\system-logs\page.tsx
FN:45,(anonymous_2)
FN:61,(anonymous_3)
FN:76,SystemLogsPage
FN:99,(anonymous_5)
FN:136,(anonymous_6)
FN:151,(anonymous_7)
FN:186,(anonymous_8)
FN:187,(anonymous_9)
FN:196,(anonymous_10)
FN:205,(anonymous_11)
FN:216,(anonymous_12)
FN:230,(anonymous_13)
FN:278,(anonymous_14)
FN:299,(anonymous_15)
FN:319,(anonymous_16)
FN:340,(anonymous_17)
FN:416,(anonymous_18)
FNF:17
FNH:0
FNDA:0,(anonymous_2)
FNDA:0,(anonymous_3)
FNDA:0,SystemLogsPage
FNDA:0,(anonymous_5)
FNDA:0,(anonymous_6)
FNDA:0,(anonymous_7)
FNDA:0,(anonymous_8)
FNDA:0,(anonymous_9)
FNDA:0,(anonymous_10)
FNDA:0,(anonymous_11)
FNDA:0,(anonymous_12)
FNDA:0,(anonymous_13)
FNDA:0,(anonymous_14)
FNDA:0,(anonymous_15)
FNDA:0,(anonymous_16)
FNDA:0,(anonymous_17)
FNDA:0,(anonymous_18)
DA:3,0
DA:4,0
DA:5,0
DA:6,0
DA:7,0
DA:8,0
DA:9,0
DA:10,0
DA:11,0
DA:24,0
DA:26,0
DA:27,0
DA:45,0
DA:46,0
DA:48,0
DA:50,0
DA:52,0
DA:54,0
DA:56,0
DA:61,0
DA:62,0
DA:76,0
DA:78,0
DA:79,0
DA:80,0
DA:81,0
DA:84,0
DA:90,0
DA:91,0
DA:94,0
DA:99,0
DA:100,0
DA:101,0
DA:102,0
DA:105,0
DA:111,0
DA:112,0
DA:114,0
DA:116,0
DA:122,0
DA:123,0
DA:129,0
DA:136,0
DA:137,0
DA:138,0
DA:139,0
DA:140,0
DA:141,0
DA:143,0
DA:151,0
DA:152,0
DA:153,0
DA:154,0
DA:156,0
DA:164,0
DA:166,0
DA:172,0
DA:173,0
DA:179,0
DA:186,0
DA:187,0
DA:196,0
DA:197,0
DA:198,0
DA:199,0
DA:205,0
DA:206,0
DA:207,0
DA:216,0
DA:217,0
DA:220,0
DA:221,0
DA:222,0
DA:225,0
DA:230,0
DA:231,0
DA:232,0
DA:278,0
DA:299,0
DA:319,0
DA:340,0
DA:417,0
LF:82
LH:0
BRDA:46,0,0,0
BRDA:46,0,1,0
BRDA:46,0,2,0
BRDA:46,0,3,0
BRDA:46,0,4,0
BRDA:107,1,0,0
BRDA:107,1,1,0
BRDA:108,2,0,0
BRDA:108,2,1,0
BRDA:125,3,0,0
BRDA:125,3,1,0
BRDA:160,4,0,0
BRDA:160,4,1,0
BRDA:161,5,0,0
BRDA:161,5,1,0
BRDA:175,6,0,0
BRDA:175,6,1,0
BRDA:189,7,0,0
BRDA:189,7,1,0
BRDA:217,8,0,0
BRDA:217,8,1,0
BRDA:225,9,0,0
BRDA:225,9,1,0
BRDA:247,10,0,0
BRDA:277,11,0,0
BRDA:277,11,1,0
BRDA:298,12,0,0
BRDA:298,12,1,0
BRDA:318,13,0,0
BRDA:318,13,1,0
BRDA:339,14,0,0
BRDA:339,14,1,0
BRDA:369,15,0,0
BRDA:369,15,1,0
BRDA:376,16,0,0
BRDA:376,16,1,0
BRDA:391,17,0,0
BRDA:409,18,0,0
BRDA:409,18,1,0
BRDA:412,19,0,0
BRDA:412,19,1,0
BRDA:440,20,0,0
BRDA:443,21,0,0
BRDA:443,21,1,0
BRDA:455,22,0,0
BRDA:460,23,0,0
BRDA:465,24,0,0
BRF:47
BRH:0
end_of_record
TN:
SF:src\modules\autoclavi\page.tsx
FN:24,AutoclaviPage
FN:32,(anonymous_2)
FN:49,(anonymous_3)
FN:53,(anonymous_4)
FN:58,(anonymous_5)
FN:63,(anonymous_6)
FN:87,(anonymous_7)
FN:96,(anonymous_8)
FN:107,(anonymous_9)
FN:134,(anonymous_10)
FN:166,(anonymous_11)
FN:188,(anonymous_12)
FN:193,(anonymous_13)
FNF:13
FNH:0
FNDA:0,AutoclaviPage
FNDA:0,(anonymous_2)
FNDA:0,(anonymous_3)
FNDA:0,(anonymous_4)
FNDA:0,(anonymous_5)
FNDA:0,(anonymous_6)
FNDA:0,(anonymous_7)
FNDA:0,(anonymous_8)
FNDA:0,(anonymous_9)
FNDA:0,(anonymous_10)
FNDA:0,(anonymous_11)
FNDA:0,(anonymous_12)
FNDA:0,(anonymous_13)
DA:3,0
DA:4,0
DA:5,0
DA:6,0
DA:7,0
DA:8,0
DA:9,0
DA:10,0
DA:16,0
DA:22,0
DA:24,0
DA:25,0
DA:26,0
DA:27,0
DA:28,0
DA:29,0
DA:30,0
DA:32,0
DA:33,0
DA:34,0
DA:35,0
DA:36,0
DA:38,0
DA:39,0
DA:45,0
DA:49,0
DA:50,0
DA:53,0
DA:54,0
DA:55,0
DA:58,0
DA:59,0
DA:60,0
DA:63,0
DA:64,0
DA:65,0
DA:68,0
DA:69,0
DA:71,0
DA:76,0
DA:78,0
DA:79,0
DA:87,0
DA:88,0
DA:89,0
DA:96,0
DA:97,0
DA:98,0
DA:99,0
DA:100,0
DA:101,0
DA:102,0
DA:103,0
DA:107,0
DA:108,0
DA:109,0
DA:110,0
DA:111,0
DA:112,0
DA:113,0
DA:114,0
DA:134,0
DA:167,0
DA:188,0
DA:193,0
LF:65
LH:0
BRDA:64,0,0,0
BRDA:64,0,1,0
BRDA:90,1,0,0
BRDA:90,1,1,0
BRDA:90,1,2,0
BRDA:90,1,3,0
BRDA:97,2,0,0
BRDA:97,2,1,0
BRDA:97,2,2,0
BRDA:97,2,3,0
BRDA:97,2,4,0
BRDA:97,2,5,0
BRDA:108,3,0,0
BRDA:108,3,1,0
BRDA:108,3,2,0
BRDA:108,3,3,0
BRDA:108,3,4,0
BRDA:108,3,5,0
BRDA:140,4,0,0
BRDA:159,5,0,0
BRDA:159,5,1,0
BRDA:174,6,0,0
BRDA:174,6,1,0
BRF:23
BRH:0
end_of_record
TN:
SF:src\modules\autoclavi\components\autoclave-modal.tsx
FN:55,AutoclaveModal
FN:78,(anonymous_5)
FN:168,(anonymous_9)
FN:200,(anonymous_11)
FN:232,(anonymous_13)
FN:297,(anonymous_16)
FN:326,(anonymous_18)
FN:360,(anonymous_20)
FN:406,(anonymous_23)
FNF:9
FNH:0
FNDA:0,AutoclaveModal
FNDA:0,(anonymous_5)
FNDA:0,(anonymous_9)
FNDA:0,(anonymous_11)
FNDA:0,(anonymous_13)
FNDA:0,(anonymous_16)
FNDA:0,(anonymous_18)
FNDA:0,(anonymous_20)
FNDA:0,(anonymous_23)
DA:3,0
DA:4,0
DA:5,0
DA:6,0
DA:7,0
DA:8,0
DA:9,0
DA:10,0
DA:11,0
DA:12,0
DA:13,0
DA:15,0
DA:55,0
DA:56,0
DA:57,0
DA:59,0
DA:78,0
DA:79,0
DA:80,0
DA:81,0
DA:82,0
DA:83,0
DA:88,0
DA:89,0
DA:94,0
DA:95,0
DA:97,0
DA:98,0
DA:104,0
DA:169,0
DA:170,0
DA:171,0
DA:173,0
DA:174,0
DA:175,0
DA:201,0
DA:202,0
DA:203,0
DA:205,0
DA:206,0
DA:207,0
DA:233,0
DA:234,0
DA:235,0
DA:237,0
DA:238,0
DA:239,0
DA:298,0
DA:299,0
DA:300,0
DA:302,0
DA:303,0
DA:304,0
DA:327,0
DA:328,0
DA:329,0
DA:331,0
DA:332,0
DA:333,0
DA:361,0
DA:362,0
DA:363,0
DA:365,0
DA:366,0
DA:367,0
DA:407,0
DA:408,0
DA:409,0
DA:411,0
DA:412,0
DA:415,0
LF:71
LH:0
BRDA:62,0,0,0
BRDA:62,0,1,0
BRDA:63,1,0,0
BRDA:63,1,1,0
BRDA:64,2,0,0
BRDA:64,2,1,0
BRDA:65,3,0,0
BRDA:65,3,1,0
BRDA:66,4,0,0
BRDA:66,4,1,0
BRDA:67,5,0,0
BRDA:67,5,1,0
BRDA:68,6,0,0
BRDA:68,6,1,0
BRDA:69,7,0,0
BRDA:69,7,1,0
BRDA:71,8,0,0
BRDA:71,8,1,0
BRDA:72,9,0,0
BRDA:72,9,1,0
BRDA:73,10,0,0
BRDA:73,10,1,0
BRDA:74,11,0,0
BRDA:74,11,1,0
BRDA:81,12,0,0
BRDA:81,12,1,0
BRDA:112,13,0,0
BRDA:112,13,1,0
BRDA:167,14,0,0
BRDA:167,14,1,0
BRDA:170,15,0,0
BRDA:170,15,1,0
BRDA:174,16,0,0
BRDA:174,16,1,0
BRDA:174,17,0,0
BRDA:174,17,1,0
BRDA:199,18,0,0
BRDA:199,18,1,0
BRDA:202,19,0,0
BRDA:202,19,1,0
BRDA:206,20,0,0
BRDA:206,20,1,0
BRDA:206,21,0,0
BRDA:206,21,1,0
BRDA:231,22,0,0
BRDA:231,22,1,0
BRDA:234,23,0,0
BRDA:234,23,1,0
BRDA:238,24,0,0
BRDA:238,24,1,0
BRDA:238,25,0,0
BRDA:238,25,1,0
BRDA:255,26,0,0
BRDA:255,26,1,0
BRDA:255,27,0,0
BRDA:255,27,1,0
BRDA:296,28,0,0
BRDA:296,28,1,0
BRDA:299,29,0,0
BRDA:299,29,1,0
BRDA:303,30,0,0
BRDA:303,30,1,0
BRDA:303,31,0,0
BRDA:303,31,1,0
BRDA:325,32,0,0
BRDA:325,32,1,0
BRDA:328,33,0,0
BRDA:328,33,1,0
BRDA:332,34,0,0
BRDA:332,34,1,0
BRDA:332,35,0,0
BRDA:332,35,1,0
BRDA:359,36,0,0
BRDA:359,36,1,0
BRDA:362,37,0,0
BRDA:362,37,1,0
BRDA:366,38,0,0
BRDA:366,38,1,0
BRDA:366,39,0,0
BRDA:366,39,1,0
BRDA:405,40,0,0
BRDA:405,40,1,0
BRDA:408,41,0,0
BRDA:408,41,1,0
BRDA:412,42,0,0
BRDA:412,42,1,0
BRDA:442,43,0,0
BRDA:442,43,1,0
BRDA:442,44,0,0
BRDA:442,44,1,0
BRF:90
BRH:0
end_of_record
TN:
SF:src\modules\batch\page.tsx
FN:50,BatchListPage
FN:61,(anonymous_5)
FN:96,(anonymous_6)
FN:101,(anonymous_7)
FN:124,(anonymous_8)
FN:144,(anonymous_9)
FN:164,(anonymous_10)
FN:171,(anonymous_11)
FN:192,(anonymous_12)
FN:214,(anonymous_13)
FN:288,(anonymous_14)
FN:315,(anonymous_15)
FN:323,(anonymous_16)
FNF:13
FNH:0
FNDA:0,BatchListPage
FNDA:0,(anonymous_5)
FNDA:0,(anonymous_6)
FNDA:0,(anonymous_7)
FNDA:0,(anonymous_8)
FNDA:0,(anonymous_9)
FNDA:0,(anonymous_10)
FNDA:0,(anonymous_11)
FNDA:0,(anonymous_12)
FNDA:0,(anonymous_13)
FNDA:0,(anonymous_14)
FNDA:0,(anonymous_15)
FNDA:0,(anonymous_16)
DA:3,0
DA:4,0
DA:12,0
DA:13,0
DA:14,0
DA:15,0
DA:27,0
DA:28,0
DA:29,0
DA:30,0
DA:50,0
DA:51,0
DA:52,0
DA:53,0
DA:54,0
DA:55,0
DA:56,0
DA:57,0
DA:58,0
DA:61,0
DA:62,0
DA:63,0
DA:64,0
DA:66,0
DA:71,0
DA:72,0
DA:75,0
DA:76,0
DA:79,0
DA:81,0
DA:82,0
DA:85,0
DA:86,0
DA:88,0
DA:89,0
DA:91,0
DA:96,0
DA:97,0
DA:101,0
DA:102,0
DA:103,0
DA:106,0
DA:107,0
DA:111,0
DA:112,0
DA:116,0
DA:118,0
DA:119,0
DA:124,0
DA:125,0
DA:144,0
DA:145,0
DA:147,0
DA:149,0
DA:151,0
DA:153,0
DA:155,0
DA:157,0
DA:159,0
DA:164,0
DA:165,0
DA:166,0
DA:167,0
DA:171,0
DA:172,0
DA:192,0
DA:214,0
DA:289,0
DA:315,0
DA:323,0
LF:70
LH:0
BRDA:71,0,0,0
BRDA:71,0,1,0
BRDA:75,1,0,0
BRDA:75,1,1,0
BRDA:81,2,0,0
BRDA:81,2,1,0
BRDA:89,3,0,0
BRDA:89,3,1,0
BRDA:102,4,0,0
BRDA:102,4,1,0
BRDA:111,5,0,0
BRDA:111,5,1,0
BRDA:119,6,0,0
BRDA:119,6,1,0
BRDA:145,7,0,0
BRDA:145,7,1,0
BRDA:145,7,2,0
BRDA:145,7,3,0
BRDA:145,7,4,0
BRDA:145,7,5,0
BRDA:145,7,6,0
BRDA:165,8,0,0
BRDA:165,8,1,0
BRDA:166,9,0,0
BRDA:166,9,1,0
BRDA:239,10,0,0
BRDA:239,10,1,0
BRDA:247,11,0,0
BRDA:263,12,0,0
BRDA:268,13,0,0
BRDA:291,14,0,0
BRDA:291,14,1,0
BRDA:325,15,0,0
BRDA:325,15,1,0
BRF:34
BRH:0
end_of_record
TN:
SF:src\modules\batch\[id]\page.tsx
FN:63,BatchDetailPage
FN:90,(anonymous_6)
FN:107,(anonymous_7)
FN:114,(anonymous_8)
FN:134,(anonymous_9)
FN:154,(anonymous_10)
FN:185,(anonymous_11)
FN:197,(anonymous_12)
FN:209,(anonymous_13)
FN:215,(anonymous_14)
FN:249,(anonymous_15)
FN:282,(anonymous_16)
FN:411,(anonymous_17)
FN:411,(anonymous_18)
FN:439,(anonymous_19)
FN:439,(anonymous_20)
FN:452,(anonymous_21)
FN:452,(anonymous_22)
FN:466,(anonymous_23)
FN:466,(anonymous_24)
FN:479,(anonymous_25)
FN:479,(anonymous_26)
FN:491,(anonymous_27)
FN:491,(anonymous_28)
FN:503,(anonymous_29)
FN:503,(anonymous_30)
FNF:26
FNH:0
FNDA:0,BatchDetailPage
FNDA:0,(anonymous_6)
FNDA:0,(anonymous_7)
FNDA:0,(anonymous_8)
FNDA:0,(anonymous_9)
FNDA:0,(anonymous_10)
FNDA:0,(anonymous_11)
FNDA:0,(anonymous_12)
FNDA:0,(anonymous_13)
FNDA:0,(anonymous_14)
FNDA:0,(anonymous_15)
FNDA:0,(anonymous_16)
FNDA:0,(anonymous_17)
FNDA:0,(anonymous_18)
FNDA:0,(anonymous_19)
FNDA:0,(anonymous_20)
FNDA:0,(anonymous_21)
FNDA:0,(anonymous_22)
FNDA:0,(anonymous_23)
FNDA:0,(anonymous_24)
FNDA:0,(anonymous_25)
FNDA:0,(anonymous_26)
FNDA:0,(anonymous_27)
FNDA:0,(anonymous_28)
FNDA:0,(anonymous_29)
FNDA:0,(anonymous_30)
DA:3,0
DA:4,0
DA:5,0
DA:6,0
DA:7,0
DA:8,0
DA:9,0
DA:10,0
DA:11,0
DA:12,0
DA:24,0
DA:25,0
DA:63,0
DA:64,0
DA:65,0
DA:66,0
DA:68,0
DA:69,0
DA:70,0
DA:71,0
DA:74,0
DA:79,0
DA:90,0
DA:91,0
DA:92,0
DA:93,0
DA:95,0
DA:96,0
DA:97,0
DA:100,0
DA:101,0
DA:103,0
DA:107,0
DA:108,0
DA:109,0
DA:114,0
DA:115,0
DA:116,0
DA:118,0
DA:122,0
DA:123,0
DA:126,0
DA:127,0
DA:129,0
DA:134,0
DA:135,0
DA:136,0
DA:138,0
DA:142,0
DA:143,0
DA:146,0
DA:147,0
DA:149,0
DA:154,0
DA:155,0
DA:156,0
DA:158,0
DA:163,0
DA:164,0
DA:165,0
DA:166,0
DA:167,0
DA:169,0
DA:173,0
DA:174,0
DA:177,0
DA:178,0
DA:180,0
DA:185,0
DA:186,0
DA:197,0
DA:198,0
DA:199,0
DA:200,0
DA:201,0
DA:202,0
DA:203,0
DA:204,0
DA:205,0
DA:209,0
DA:210,0
DA:211,0
DA:212,0
DA:215,0
DA:216,0
DA:225,0
DA:239,0
DA:249,0
DA:282,0
DA:411,0
DA:439,0
DA:452,0
DA:466,0
DA:479,0
DA:491,0
DA:503,0
LF:96
LH:0
BRDA:101,0,0,0
BRDA:101,0,1,0
BRDA:101,0,2,0
BRDA:108,1,0,0
BRDA:108,1,1,0
BRDA:127,2,0,0
BRDA:127,2,1,0
BRDA:147,3,0,0
BRDA:147,3,1,0
BRDA:163,4,0,0
BRDA:163,4,1,0
BRDA:164,5,0,0
BRDA:164,5,1,0
BRDA:165,6,0,0
BRDA:165,6,1,0
BRDA:166,7,0,0
BRDA:166,7,1,0
BRDA:167,8,0,0
BRDA:167,8,1,0
BRDA:178,9,0,0
BRDA:178,9,1,0
BRDA:198,10,0,0
BRDA:198,10,1,0
BRDA:198,10,2,0
BRDA:198,10,3,0
BRDA:198,10,4,0
BRDA:198,10,5,0
BRDA:198,10,6,0
BRDA:210,11,0,0
BRDA:210,11,1,0
BRDA:211,12,0,0
BRDA:211,12,1,0
BRDA:225,13,0,0
BRDA:225,13,1,0
BRDA:239,14,0,0
BRDA:239,14,1,0
BRDA:239,15,0,0
BRDA:239,15,1,0
BRDA:245,16,0,0
BRDA:245,16,1,0
BRDA:266,17,0,0
BRDA:266,17,1,0
BRDA:278,18,0,0
BRDA:278,18,1,0
BRDA:352,19,0,0
BRDA:358,20,0,0
BRDA:366,21,0,0
BRDA:389,22,0,0
BRDA:396,23,0,0
BRDA:404,24,0,0
BRDA:423,25,0,0
BRDA:432,26,0,0
BRDA:516,27,0,0
BRDA:525,28,0,0
BRDA:538,29,0,0
BRF:55
BRH:0
end_of_record
TN:
SF:src\modules\batch\new\page.tsx
FN:55,NewBatchPage
FN:75,(anonymous_6)
FN:76,(anonymous_7)
FN:104,(anonymous_8)
FN:106,(anonymous_9)
FN:108,(anonymous_10)
FN:108,(anonymous_11)
FN:113,(anonymous_12)
FN:118,(anonymous_13)
FN:188,(anonymous_14)
FN:221,(anonymous_15)
FN:226,(anonymous_16)
FN:263,(anonymous_17)
FN:268,(anonymous_18)
FN:303,(anonymous_19)
FN:316,(anonymous_20)
FN:319,(anonymous_21)
FN:323,(anonymous_22)
FN:338,(anonymous_23)
FN:341,(anonymous_24)
FN:345,(anonymous_25)
FNF:21
FNH:0
FNDA:0,NewBatchPage
FNDA:0,(anonymous_6)
FNDA:0,(anonymous_7)
FNDA:0,(anonymous_8)
FNDA:0,(anonymous_9)
FNDA:0,(anonymous_10)
FNDA:0,(anonymous_11)
FNDA:0,(anonymous_12)
FNDA:0,(anonymous_13)
FNDA:0,(anonymous_14)
FNDA:0,(anonymous_15)
FNDA:0,(anonymous_16)
FNDA:0,(anonymous_17)
FNDA:0,(anonymous_18)
FNDA:0,(anonymous_19)
FNDA:0,(anonymous_20)
FNDA:0,(anonymous_21)
FNDA:0,(anonymous_22)
FNDA:0,(anonymous_23)
FNDA:0,(anonymous_24)
FNDA:0,(anonymous_25)
DA:3,0
DA:4,0
DA:5,0
DA:6,0
DA:7,0
DA:8,0
DA:9,0
DA:10,0
DA:11,0
DA:12,0
DA:14,0
DA:15,0
DA:55,0
DA:56,0
DA:59,0
DA:60,0
DA:61,0
DA:62,0
DA:63,0
DA:64,0
DA:70,0
DA:71,0
DA:72,0
DA:75,0
DA:76,0
DA:77,0
DA:78,0
DA:79,0
DA:82,0
DA:83,0
DA:85,0
DA:86,0
DA:88,0
DA:89,0
DA:93,0
DA:94,0
DA:96,0
DA:100,0
DA:104,0
DA:105,0
DA:106,0
DA:108,0
DA:113,0
DA:114,0
DA:118,0
DA:119,0
DA:120,0
DA:121,0
DA:124,0
DA:125,0
DA:126,0
DA:129,0
DA:130,0
DA:131,0
DA:133,0
DA:140,0
DA:146,0
DA:149,0
DA:150,0
DA:152,0
DA:156,0
DA:157,0
DA:159,0
DA:163,0
DA:188,0
DA:222,0
DA:227,0
DA:264,0
DA:269,0
DA:270,0
DA:272,0
DA:303,0
DA:317,0
DA:318,0
DA:319,0
DA:321,0
DA:322,0
DA:323,0
DA:339,0
DA:340,0
DA:341,0
DA:343,0
DA:344,0
DA:345,0
LF:84
LH:0
BRDA:85,0,0,0
BRDA:85,0,1,0
BRDA:86,1,0,0
BRDA:86,1,1,0
BRDA:88,2,0,0
BRDA:88,2,1,0
BRDA:94,3,0,0
BRDA:94,3,1,0
BRDA:105,4,0,0
BRDA:105,4,1,0
BRDA:119,5,0,0
BRDA:119,5,1,0
BRDA:124,6,0,0
BRDA:124,6,1,0
BRDA:149,7,0,0
BRDA:149,7,1,0
BRDA:157,8,0,0
BRDA:157,8,1,0
BRDA:157,8,2,0
BRDA:163,9,0,0
BRDA:163,9,1,0
BRDA:197,10,0,0
BRDA:214,11,0,0
BRDA:257,12,0,0
BRDA:269,13,0,0
BRDA:269,13,1,0
BRDA:315,14,0,0
BRDA:315,14,1,0
BRDA:318,15,0,0
BRDA:318,15,1,0
BRDA:322,16,0,0
BRDA:322,16,1,0
BRDA:322,17,0,0
BRDA:322,17,1,0
BRDA:322,17,2,0
BRDA:337,18,0,0
BRDA:337,18,1,0
BRDA:340,19,0,0
BRDA:340,19,1,0
BRDA:344,20,0,0
BRDA:344,20,1,0
BRDA:344,21,0,0
BRDA:344,21,1,0
BRDA:344,21,2,0
BRDA:361,22,0,0
BRDA:361,22,1,0
BRDA:361,22,2,0
BRDA:366,23,0,0
BRF:48
BRH:0
end_of_record
TN:
SF:src\modules\catalogo\page.tsx
FN:34,CatalogoPage
FN:49,(anonymous_3)
FN:78,(anonymous_4)
FN:83,(anonymous_5)
FN:88,(anonymous_6)
FN:93,(anonymous_7)
FN:99,(anonymous_8)
FN:104,(anonymous_9)
FN:107,(anonymous_10)
FN:130,(anonymous_11)
FN:131,(anonymous_12)
FN:162,(anonymous_13)
FN:174,(anonymous_14)
FN:181,(anonymous_15)
FN:189,(anonymous_16)
FN:196,(anonymous_17)
FN:204,(anonymous_18)
FN:233,(anonymous_19)
FN:271,(anonymous_20)
FN:278,(anonymous_21)
FN:300,(anonymous_22)
FN:305,(anonymous_23)
FN:326,(anonymous_24)
FNF:23
FNH:0
FNDA:0,CatalogoPage
FNDA:0,(anonymous_3)
FNDA:0,(anonymous_4)
FNDA:0,(anonymous_5)
FNDA:0,(anonymous_6)
FNDA:0,(anonymous_7)
FNDA:0,(anonymous_8)
FNDA:0,(anonymous_9)
FNDA:0,(anonymous_10)
FNDA:0,(anonymous_11)
FNDA:0,(anonymous_12)
FNDA:0,(anonymous_13)
FNDA:0,(anonymous_14)
FNDA:0,(anonymous_15)
FNDA:0,(anonymous_16)
FNDA:0,(anonymous_17)
FNDA:0,(anonymous_18)
FNDA:0,(anonymous_19)
FNDA:0,(anonymous_20)
FNDA:0,(anonymous_21)
FNDA:0,(anonymous_22)
FNDA:0,(anonymous_23)
FNDA:0,(anonymous_24)
DA:3,0
DA:4,0
DA:5,0
DA:6,0
DA:7,0
DA:8,0
DA:9,0
DA:10,0
DA:11,0
DA:12,0
DA:13,0
DA:14,0
DA:23,0
DA:29,0
DA:30,0
DA:32,0
DA:34,0
DA:35,0
DA:36,0
DA:37,0
DA:38,0
DA:39,0
DA:40,0
DA:41,0
DA:42,0
DA:43,0
DA:44,0
DA:47,0
DA:49,0
DA:50,0
DA:53,0
DA:55,0
DA:60,0
DA:61,0
DA:63,0
DA:64,0
DA:65,0
DA:66,0
DA:72,0
DA:73,0
DA:78,0
DA:79,0
DA:83,0
DA:84,0
DA:85,0
DA:88,0
DA:89,0
DA:90,0
DA:93,0
DA:94,0
DA:95,0
DA:99,0
DA:100,0
DA:102,0
DA:104,0
DA:107,0
DA:108,0
DA:109,0
DA:112,0
DA:113,0
DA:114,0
DA:118,0
DA:120,0
DA:121,0
DA:130,0
DA:131,0
DA:162,0
DA:174,0
DA:182,0
DA:189,0
DA:197,0
DA:205,0
DA:233,0
DA:271,0
DA:279,0
DA:300,0
DA:305,0
DA:327,0
DA:328,0
LF:79
LH:0
BRDA:57,0,0,0
BRDA:57,0,1,0
BRDA:64,1,0,0
BRDA:64,1,1,0
BRDA:84,2,0,0
BRDA:84,2,1,0
BRDA:108,3,0,0
BRDA:108,3,1,0
BRDA:165,4,0,0
BRDA:173,5,0,0
BRDA:173,5,1,0
BRDA:174,6,0,0
BRDA:174,6,1,0
BRDA:188,7,0,0
BRDA:188,7,1,0
BRDA:189,8,0,0
BRDA:189,8,1,0
BRDA:203,9,0,0
BRDA:203,9,1,0
BRDA:203,10,0,0
BRDA:203,10,1,0
BRDA:207,11,0,0
BRDA:207,11,1,0
BRDA:224,12,0,0
BRDA:243,13,0,0
BRDA:251,14,0,0
BRDA:251,14,1,0
BRDA:268,15,0,0
BRDA:268,15,1,0
BRDA:271,16,0,0
BRDA:271,16,1,0
BRDA:271,17,0,0
BRDA:271,17,1,0
BRDA:284,18,0,0
BRDA:284,18,1,0
BRDA:285,19,0,0
BRDA:285,19,1,0
BRDA:287,20,0,0
BRDA:287,20,1,0
BRDA:288,21,0,0
BRDA:288,21,1,0
BRF:41
BRH:0
end_of_record
TN:
SF:src\modules\catalogo\schema.ts
FNF:0
FNH:0
DA:1,0
DA:4,0
DA:15,0
LF:3
LH:0
BRF:0
BRH:0
end_of_record
TN:
SF:src\modules\catalogo\components\catalogo-modal.tsx
FN:24,CatalogoModal
FN:38,(anonymous_2)
FN:55,(anonymous_3)
FN:69,(anonymous_4)
FN:118,(anonymous_5)
FN:138,(anonymous_6)
FN:155,(anonymous_7)
FN:218,(anonymous_8)
FN:253,(anonymous_9)
FN:264,(anonymous_10)
FN:273,(anonymous_11)
FN:284,(anonymous_12)
FN:299,(anonymous_13)
FN:323,(anonymous_14)
FN:342,(anonymous_15)
FNF:15
FNH:0
FNDA:0,CatalogoModal
FNDA:0,(anonymous_2)
FNDA:0,(anonymous_3)
FNDA:0,(anonymous_4)
FNDA:0,(anonymous_5)
FNDA:0,(anonymous_6)
FNDA:0,(anonymous_7)
FNDA:0,(anonymous_8)
FNDA:0,(anonymous_9)
FNDA:0,(anonymous_10)
FNDA:0,(anonymous_11)
FNDA:0,(anonymous_12)
FNDA:0,(anonymous_13)
FNDA:0,(anonymous_14)
FNDA:0,(anonymous_15)
DA:3,0
DA:4,0
DA:5,0
DA:6,0
DA:7,0
DA:8,0
DA:9,0
DA:10,0
DA:11,0
DA:12,0
DA:13,0
DA:14,0
DA:15,0
DA:24,0
DA:25,0
DA:26,0
DA:27,0
DA:29,0
DA:30,0
DA:32,0
DA:38,0
DA:39,0
DA:40,0
DA:50,0
DA:52,0
DA:55,0
DA:56,0
DA:58,0
DA:61,0
DA:62,0
DA:65,0
DA:69,0
DA:70,0
DA:71,0
DA:72,0
DA:74,0
DA:76,0
DA:78,0
DA:79,0
DA:87,0
DA:96,0
DA:97,0
DA:98,0
DA:106,0
DA:107,0
DA:108,0
DA:116,0
DA:118,0
DA:119,0
DA:120,0
DA:123,0
DA:124,0
DA:125,0
DA:126,0
DA:128,0
DA:134,0
DA:138,0
DA:139,0
DA:140,0
DA:142,0
DA:143,0
DA:146,0
DA:148,0
DA:155,0
DA:156,0
DA:157,0
DA:158,0
DA:166,0
DA:167,0
DA:168,0
DA:169,0
DA:171,0
DA:177,0
DA:218,0
DA:253,0
DA:264,0
DA:273,0
DA:284,0
DA:299,0
DA:324,0
DA:325,0
DA:326,0
DA:343,0
DA:344,0
DA:345,0
LF:85
LH:0
BRDA:39,0,0,0
BRDA:39,0,1,0
BRDA:43,1,0,0
BRDA:43,1,1,0
BRDA:44,2,0,0
BRDA:44,2,1,0
BRDA:45,3,0,0
BRDA:45,3,1,0
BRDA:46,4,0,0
BRDA:46,4,1,0
BRDA:56,5,0,0
BRDA:56,5,1,0
BRDA:61,6,0,0
BRDA:61,6,1,0
BRDA:72,7,0,0
BRDA:72,7,1,0
BRDA:76,8,0,0
BRDA:76,8,1,0
BRDA:89,9,0,0
BRDA:89,9,1,0
BRDA:90,10,0,0
BRDA:90,10,1,0
BRDA:92,11,0,0
BRDA:92,11,1,0
BRDA:96,12,0,0
BRDA:96,12,1,0
BRDA:125,13,0,0
BRDA:125,13,1,0
BRDA:157,14,0,0
BRDA:157,14,1,0
BRDA:168,15,0,0
BRDA:168,15,1,0
BRDA:187,16,0,0
BRDA:205,17,0,0
BRDA:205,17,1,0
BRDA:221,18,0,0
BRDA:221,18,1,0
BRDA:225,19,0,0
BRDA:234,20,0,0
BRDA:234,20,1,0
BRDA:239,21,0,0
BRDA:239,21,1,0
BRDA:298,22,0,0
BRDA:298,22,1,0
BRDA:319,23,0,0
BRDA:332,24,0,0
BRDA:351,25,0,0
BRDA:355,26,0,0
BRDA:355,26,1,0
BRF:49
BRH:0
end_of_record
TN:
SF:src\modules\clean-room\produzione\page.tsx
FN:36,(anonymous_1)
FN:46,(anonymous_2)
FN:55,(anonymous_3)
FN:58,(anonymous_4)
FN:90,ProduzionePage
FN:104,(anonymous_6)
FN:110,(anonymous_7)
FN:142,(anonymous_8)
FN:146,(anonymous_9)
FN:150,(anonymous_10)
FN:154,(anonymous_11)
FN:169,(anonymous_12)
FN:170,(anonymous_13)
FN:173,(anonymous_14)
FN:175,(anonymous_15)
FN:179,(anonymous_16)
FN:181,(anonymous_17)
FN:185,(anonymous_18)
FN:197,(anonymous_19)
FN:209,(anonymous_20)
FN:256,(anonymous_21)
FN:300,(anonymous_22)
FN:310,(anonymous_23)
FN:320,(anonymous_24)
FN:329,(anonymous_25)
FN:370,(anonymous_27)
FN:425,(anonymous_28)
FN:483,(anonymous_30)
FN:545,(anonymous_31)
FN:557,(anonymous_32)
FN:608,(anonymous_33)
FN:662,(anonymous_34)
FN:666,(anonymous_35)
FN:721,(anonymous_36)
FN:726,(anonymous_37)
FNF:35
FNH:0
FNDA:0,(anonymous_1)
FNDA:0,(anonymous_2)
FNDA:0,(anonymous_3)
FNDA:0,(anonymous_4)
FNDA:0,ProduzionePage
FNDA:0,(anonymous_6)
FNDA:0,(anonymous_7)
FNDA:0,(anonymous_8)
FNDA:0,(anonymous_9)
FNDA:0,(anonymous_10)
FNDA:0,(anonymous_11)
FNDA:0,(anonymous_12)
FNDA:0,(anonymous_13)
FNDA:0,(anonymous_14)
FNDA:0,(anonymous_15)
FNDA:0,(anonymous_16)
FNDA:0,(anonymous_17)
FNDA:0,(anonymous_18)
FNDA:0,(anonymous_19)
FNDA:0,(anonymous_20)
FNDA:0,(anonymous_21)
FNDA:0,(anonymous_22)
FNDA:0,(anonymous_23)
FNDA:0,(anonymous_24)
FNDA:0,(anonymous_25)
FNDA:0,(anonymous_27)
FNDA:0,(anonymous_28)
FNDA:0,(anonymous_30)
FNDA:0,(anonymous_31)
FNDA:0,(anonymous_32)
FNDA:0,(anonymous_33)
FNDA:0,(anonymous_34)
FNDA:0,(anonymous_35)
FNDA:0,(anonymous_36)
FNDA:0,(anonymous_37)
DA:3,0
DA:4,0
DA:5,0
DA:6,0
DA:7,0
DA:8,0
DA:9,0
DA:10,0
DA:25,0
DA:33,0
DA:36,0
DA:37,0
DA:42,0
DA:46,0
DA:47,0
DA:51,0
DA:55,0
DA:58,0
DA:59,0
DA:62,0
DA:63,0
DA:64,0
DA:65,0
DA:67,0
DA:68,0
DA:69,0
DA:73,0
DA:74,0
DA:75,0
DA:76,0
DA:77,0
DA:79,0
DA:80,0
DA:82,0
DA:83,0
DA:84,0
DA:87,0
DA:90,0
DA:91,0
DA:92,0
DA:93,0
DA:94,0
DA:95,0
DA:96,0
DA:97,0
DA:98,0
DA:99,0
DA:100,0
DA:101,0
DA:102,0
DA:104,0
DA:105,0
DA:106,0
DA:109,0
DA:110,0
DA:111,0
DA:113,0
DA:116,0
DA:118,0
DA:119,0
DA:120,0
DA:121,0
DA:123,0
DA:124,0
DA:128,0
DA:131,0
DA:132,0
DA:138,0
DA:142,0
DA:143,0
DA:146,0
DA:147,0
DA:150,0
DA:154,0
DA:155,0
DA:156,0
DA:169,0
DA:170,0
DA:173,0
DA:174,0
DA:175,0
DA:179,0
DA:180,0
DA:181,0
DA:185,0
DA:186,0
DA:188,0
DA:190,0
DA:192,0
DA:197,0
DA:198,0
DA:200,0
DA:202,0
DA:204,0
DA:209,0
DA:210,0
DA:211,0
DA:212,0
DA:214,0
DA:220,0
DA:223,0
DA:226,0
DA:228,0
DA:229,0
DA:230,0
DA:231,0
DA:232,0
DA:233,0
DA:234,0
DA:235,0
DA:238,0
DA:245,0
DA:248,0
DA:249,0
DA:250,0
DA:251,0
DA:256,0
DA:257,0
DA:258,0
DA:260,0
DA:262,0
DA:268,0
DA:271,0
DA:273,0
DA:275,0
DA:276,0
DA:277,0
DA:278,0
DA:279,0
DA:280,0
DA:283,0
DA:289,0
DA:292,0
DA:293,0
DA:294,0
DA:295,0
DA:300,0
DA:301,0
DA:302,0
DA:303,0
DA:304,0
DA:305,0
DA:310,0
DA:311,0
DA:312,0
DA:313,0
DA:314,0
DA:315,0
DA:320,0
DA:321,0
DA:325,0
DA:329,0
DA:330,0
DA:334,0
DA:371,0
DA:425,0
DA:484,0
DA:485,0
DA:486,0
DA:545,0
DA:557,0
DA:608,0
DA:662,0
DA:666,0
DA:721,0
DA:726,0
LF:166
LH:0
BRDA:42,0,0,0
BRDA:42,0,1,0
BRDA:51,1,0,0
BRDA:51,1,1,0
BRDA:59,2,0,0
BRDA:59,2,1,0
BRDA:62,3,0,0
BRDA:62,3,1,0
BRDA:62,4,0,0
BRDA:62,4,1,0
BRDA:64,5,0,0
BRDA:64,5,1,0
BRDA:69,6,0,0
BRDA:69,6,1,0
BRDA:73,7,0,0
BRDA:73,7,1,0
BRDA:73,8,0,0
BRDA:73,8,1,0
BRDA:79,9,0,0
BRDA:79,9,1,0
BRDA:84,10,0,0
BRDA:84,10,1,0
BRDA:111,11,0,0
BRDA:111,11,1,0
BRDA:158,12,0,0
BRDA:158,12,1,0
BRDA:158,12,2,0
BRDA:158,12,3,0
BRDA:174,13,0,0
BRDA:174,13,1,0
BRDA:175,14,0,0
BRDA:175,14,1,0
BRDA:180,15,0,0
BRDA:180,15,1,0
BRDA:181,16,0,0
BRDA:181,16,1,0
BRDA:186,17,0,0
BRDA:186,17,1,0
BRDA:186,17,2,0
BRDA:198,18,0,0
BRDA:198,18,1,0
BRDA:198,18,2,0
BRDA:228,19,0,0
BRDA:228,19,1,0
BRDA:230,20,0,0
BRDA:230,20,1,0
BRDA:231,21,0,0
BRDA:231,21,1,0
BRDA:232,22,0,0
BRDA:232,22,1,0
BRDA:234,23,0,0
BRDA:234,23,1,0
BRDA:275,24,0,0
BRDA:275,24,1,0
BRDA:277,25,0,0
BRDA:277,25,1,0
BRDA:278,26,0,0
BRDA:278,26,1,0
BRDA:279,27,0,0
BRDA:279,27,1,0
BRDA:302,28,0,0
BRDA:302,28,1,0
BRDA:312,29,0,0
BRDA:312,29,1,0
BRDA:325,30,0,0
BRDA:325,30,1,0
BRDA:334,31,0,0
BRDA:334,31,1,0
BRDA:348,32,0,0
BRDA:379,33,0,0
BRDA:387,34,0,0
BRDA:387,34,1,0
BRDA:389,35,0,0
BRDA:397,36,0,0
BRDA:418,37,0,0
BRDA:418,37,1,0
BRDA:418,38,0,0
BRDA:418,38,1,0
BRDA:426,39,0,0
BRDA:426,39,1,0
BRDA:426,39,2,0
BRDA:428,40,0,0
BRDA:428,40,1,0
BRDA:428,41,0,0
BRDA:428,41,1,0
BRDA:431,42,0,0
BRDA:461,43,0,0
BRDA:495,44,0,0
BRDA:503,45,0,0
BRDA:503,45,1,0
BRDA:505,46,0,0
BRDA:513,47,0,0
BRDA:534,48,0,0
BRDA:534,48,1,0
BRDA:534,49,0,0
BRDA:534,49,1,0
BRDA:541,50,0,0
BRDA:558,51,0,0
BRDA:558,51,1,0
BRDA:558,51,2,0
BRDA:560,52,0,0
BRDA:560,52,1,0
BRDA:560,53,0,0
BRDA:560,53,1,0
BRDA:563,54,0,0
BRDA:598,55,0,0
BRDA:598,55,1,0
BRDA:619,56,0,0
BRDA:656,57,0,0
BRDA:656,57,1,0
BRDA:656,57,2,0
BRDA:666,58,0,0
BRDA:666,58,1,0
BRDA:666,58,2,0
BRDA:670,59,0,0
BRDA:715,60,0,0
BRDA:715,60,1,0
BRDA:715,60,2,0
BRDA:726,61,0,0
BRDA:726,61,1,0
BRDA:726,61,2,0
BRDA:730,62,0,0
BRF:122
BRH:0
end_of_record
TN:
SF:src\modules\clean-room\tempi\components\tempo-fase-modal.tsx
FN:26,TempoFaseModal
FN:45,(anonymous_2)
FN:78,formatDateTimeForInput
FN:82,(anonymous_4)
FN:139,(anonymous_5)
FN:140,(anonymous_6)
FN:167,(anonymous_7)
FN:189,(anonymous_8)
FN:190,(anonymous_9)
FN:203,(anonymous_10)
FN:216,(anonymous_11)
FN:237,(anonymous_12)
FN:247,(anonymous_13)
FN:258,(anonymous_14)
FNF:14
FNH:0
FNDA:0,TempoFaseModal
FNDA:0,(anonymous_2)
FNDA:0,formatDateTimeForInput
FNDA:0,(anonymous_4)
FNDA:0,(anonymous_5)
FNDA:0,(anonymous_6)
FNDA:0,(anonymous_7)
FNDA:0,(anonymous_8)
FNDA:0,(anonymous_9)
FNDA:0,(anonymous_10)
FNDA:0,(anonymous_11)
FNDA:0,(anonymous_12)
FNDA:0,(anonymous_13)
FNDA:0,(anonymous_14)
DA:1,0
DA:9,0
DA:10,0
DA:11,0
DA:12,0
DA:13,0
DA:14,0
DA:15,0
DA:16,0
DA:26,0
DA:33,0
DA:34,0
DA:37,0
DA:38,0
DA:39,0
DA:40,0
DA:41,0
DA:42,0
DA:45,0
DA:46,0
DA:47,0
DA:49,0
DA:50,0
DA:53,0
DA:54,0
DA:55,0
DA:58,0
DA:59,0
DA:60,0
DA:62,0
DA:65,0
DA:68,0
DA:69,0
DA:70,0
DA:71,0
DA:72,0
DA:79,0
DA:82,0
DA:83,0
DA:84,0
DA:89,0
DA:92,0
DA:93,0
DA:95,0
DA:97,0
DA:103,0
DA:104,0
DA:110,0
DA:118,0
DA:119,0
DA:125,0
DA:127,0
DA:128,0
DA:134,0
DA:139,0
DA:140,0
DA:141,0
DA:143,0
DA:168,0
DA:169,0
DA:170,0
DA:172,0
DA:173,0
DA:174,0
DA:189,0
DA:191,0
DA:192,0
DA:204,0
DA:205,0
DA:206,0
DA:216,0
DA:237,0
DA:247,0
DA:258,0
LF:74
LH:0
BRDA:46,0,0,0
BRDA:46,0,1,0
BRDA:47,1,0,0
BRDA:47,1,1,0
BRDA:53,2,0,0
BRDA:53,2,1,0
BRDA:58,3,0,0
BRDA:58,3,1,0
BRDA:65,4,0,0
BRDA:65,4,1,0
BRDA:83,5,0,0
BRDA:83,5,1,0
BRDA:95,6,0,0
BRDA:95,6,1,0
BRDA:95,7,0,0
BRDA:95,7,1,0
BRDA:98,8,0,0
BRDA:98,8,1,0
BRDA:99,9,0,0
BRDA:99,9,1,0
BRDA:100,10,0,0
BRDA:100,10,1,0
BRDA:113,11,0,0
BRDA:113,11,1,0
BRDA:114,12,0,0
BRDA:114,12,1,0
BRDA:115,13,0,0
BRDA:115,13,1,0
BRDA:131,14,0,0
BRDA:131,14,1,0
BRDA:141,15,0,0
BRDA:141,15,1,0
BRDA:154,16,0,0
BRDA:154,16,1,0
BRDA:156,17,0,0
BRDA:156,17,1,0
BRDA:166,18,0,0
BRDA:166,18,1,0
BRDA:168,19,0,0
BRDA:168,19,1,0
BRDA:168,20,0,0
BRDA:168,20,1,0
BRDA:173,21,0,0
BRDA:173,21,1,0
BRDA:183,22,0,0
BRDA:183,22,1,0
BRDA:189,23,0,0
BRDA:189,23,1,0
BRDA:201,24,0,0
BRDA:205,25,0,0
BRDA:205,25,1,0
BRDA:269,26,0,0
BRDA:269,26,1,0
BRDA:269,27,0,0
BRDA:269,27,1,0
BRF:55
BRH:0
end_of_record
TN:
SF:src\modules\clean-room\tools\page.tsx
FN:27,ToolsPage
FN:48,(anonymous_2)
FN:53,(anonymous_3)
FN:58,(anonymous_4)
FN:71,(anonymous_5)
FN:84,(anonymous_6)
FN:104,(anonymous_7)
FN:105,(anonymous_8)
FN:110,(anonymous_9)
FN:186,(anonymous_10)
FN:232,(anonymous_11)
FN:268,(anonymous_12)
FN:273,(anonymous_13)
FN:293,(anonymous_14)
FN:293,(anonymous_15)
FNF:15
FNH:0
FNDA:0,ToolsPage
FNDA:0,(anonymous_2)
FNDA:0,(anonymous_3)
FNDA:0,(anonymous_4)
FNDA:0,(anonymous_5)
FNDA:0,(anonymous_6)
FNDA:0,(anonymous_7)
FNDA:0,(anonymous_8)
FNDA:0,(anonymous_9)
FNDA:0,(anonymous_10)
FNDA:0,(anonymous_11)
FNDA:0,(anonymous_12)
FNDA:0,(anonymous_13)
FNDA:0,(anonymous_14)
FNDA:0,(anonymous_15)
DA:3,0
DA:4,0
DA:5,0
DA:6,0
DA:7,0
DA:8,0
DA:9,0
DA:10,0
DA:11,0
DA:19,0
DA:25,0
DA:27,0
DA:28,0
DA:29,0
DA:30,0
DA:31,0
DA:32,0
DA:33,0
DA:42,0
DA:48,0
DA:49,0
DA:50,0
DA:53,0
DA:54,0
DA:55,0
DA:58,0
DA:59,0
DA:60,0
DA:63,0
DA:64,0
DA:65,0
DA:71,0
DA:72,0
DA:75,0
DA:76,0
DA:84,0
DA:85,0
DA:86,0
DA:87,0
DA:88,0
DA:93,0
DA:94,0
DA:100,0
DA:104,0
DA:105,0
DA:106,0
DA:110,0
DA:111,0
DA:112,0
DA:119,0
DA:186,0
DA:233,0
DA:268,0
DA:273,0
DA:293,0
LF:55
LH:0
BRDA:59,0,0,0
BRDA:59,0,1,0
BRDA:113,1,0,0
BRDA:113,1,1,0
BRDA:113,1,2,0
BRDA:113,1,3,0
BRDA:113,1,4,0
BRDA:119,2,0,0
BRDA:119,2,1,0
BRDA:133,3,0,0
BRDA:133,3,1,0
BRDA:160,4,0,0
BRDA:172,5,0,0
BRDA:194,6,0,0
BRDA:203,7,0,0
BRDA:202,8,0,0
BRDA:202,8,1,0
BRDA:225,9,0,0
BRDA:225,9,1,0
BRDA:228,10,0,0
BRDA:228,10,1,0
BRDA:235,11,0,0
BRDA:235,11,1,0
BRDA:240,12,0,0
BRDA:240,12,1,0
BRDA:243,13,0,0
BRDA:243,13,1,0
BRDA:246,14,0,0
BRDA:246,14,1,0
BRDA:250,15,0,0
BRF:30
BRH:0
end_of_record
TN:
SF:src\modules\clean-room\tools\components\tool-modal.tsx
FN:43,ToolModal
FN:64,(anonymous_2)
FN:66,(anonymous_3)
FN:75,(anonymous_4)
FN:101,(anonymous_5)
FN:138,(anonymous_6)
FN:153,(anonymous_7)
FN:174,(anonymous_8)
FN:218,(anonymous_9)
FN:236,(anonymous_10)
FN:274,(anonymous_12)
FN:292,(anonymous_14)
FN:314,(anonymous_16)
FN:325,(anonymous_17)
FN:346,(anonymous_19)
FN:357,(anonymous_20)
FN:382,(anonymous_22)
FN:393,(anonymous_23)
FN:411,(anonymous_25)
FN:439,(anonymous_27)
FNF:20
FNH:0
FNDA:0,ToolModal
FNDA:0,(anonymous_2)
FNDA:0,(anonymous_3)
FNDA:0,(anonymous_4)
FNDA:0,(anonymous_5)
FNDA:0,(anonymous_6)
FNDA:0,(anonymous_7)
FNDA:0,(anonymous_8)
FNDA:0,(anonymous_9)
FNDA:0,(anonymous_10)
FNDA:0,(anonymous_12)
FNDA:0,(anonymous_14)
FNDA:0,(anonymous_16)
FNDA:0,(anonymous_17)
FNDA:0,(anonymous_19)
FNDA:0,(anonymous_20)
FNDA:0,(anonymous_22)
FNDA:0,(anonymous_23)
FNDA:0,(anonymous_25)
FNDA:0,(anonymous_27)
DA:3,0
DA:4,0
DA:5,0
DA:6,0
DA:7,0
DA:8,0
DA:9,0
DA:10,0
DA:11,0
DA:12,0
DA:13,0
DA:14,0
DA:20,0
DA:23,0
DA:43,0
DA:44,0
DA:45,0
DA:46,0
DA:47,0
DA:49,0
DA:64,0
DA:66,0
DA:67,0
DA:68,0
DA:69,0
DA:75,0
DA:76,0
DA:77,0
DA:88,0
DA:101,0
DA:102,0
DA:103,0
DA:106,0
DA:118,0
DA:119,0
DA:120,0
DA:126,0
DA:127,0
DA:135,0
DA:138,0
DA:139,0
DA:140,0
DA:143,0
DA:146,0
DA:148,0
DA:149,0
DA:150,0
DA:151,0
DA:152,0
DA:153,0
DA:155,0
DA:157,0
DA:158,0
DA:159,0
DA:160,0
DA:163,0
DA:169,0
DA:174,0
DA:175,0
DA:176,0
DA:179,0
DA:192,0
DA:193,0
DA:200,0
DA:211,0
DA:218,0
DA:219,0
DA:220,0
DA:221,0
DA:226,0
DA:229,0
DA:231,0
DA:232,0
DA:233,0
DA:234,0
DA:235,0
DA:236,0
DA:238,0
DA:240,0
DA:241,0
DA:242,0
DA:243,0
DA:246,0
DA:252,0
DA:274,0
DA:292,0
DA:315,0
DA:316,0
DA:317,0
DA:319,0
DA:320,0
DA:321,0
DA:325,0
DA:347,0
DA:348,0
DA:349,0
DA:351,0
DA:352,0
DA:353,0
DA:357,0
DA:383,0
DA:384,0
DA:385,0
DA:387,0
DA:388,0
DA:389,0
DA:393,0
DA:411,0
DA:439,0
LF:109
LH:0
BRDA:68,0,0,0
BRDA:68,0,1,0
BRDA:68,1,0,0
BRDA:68,1,1,0
BRDA:76,2,0,0
BRDA:76,2,1,0
BRDA:79,3,0,0
BRDA:79,3,1,0
BRDA:83,4,0,0
BRDA:83,4,1,0
BRDA:84,5,0,0
BRDA:84,5,1,0
BRDA:108,6,0,0
BRDA:108,6,1,0
BRDA:111,7,0,0
BRDA:111,7,1,0
BRDA:112,8,0,0
BRDA:112,8,1,0
BRDA:118,9,0,0
BRDA:118,9,1,0
BRDA:148,10,0,0
BRDA:148,10,1,0
BRDA:150,11,0,0
BRDA:150,11,1,0
BRDA:152,12,0,0
BRDA:152,12,1,0
BRDA:153,13,0,0
BRDA:153,13,1,0
BRDA:153,13,2,0
BRDA:157,14,0,0
BRDA:157,14,1,0
BRDA:158,15,0,0
BRDA:158,15,1,0
BRDA:159,16,0,0
BRDA:159,16,1,0
BRDA:181,17,0,0
BRDA:181,17,1,0
BRDA:184,18,0,0
BRDA:184,18,1,0
BRDA:185,19,0,0
BRDA:185,19,1,0
BRDA:220,20,0,0
BRDA:220,20,1,0
BRDA:231,21,0,0
BRDA:231,21,1,0
BRDA:233,22,0,0
BRDA:233,22,1,0
BRDA:235,23,0,0
BRDA:235,23,1,0
BRDA:236,24,0,0
BRDA:236,24,1,0
BRDA:236,24,2,0
BRDA:240,25,0,0
BRDA:240,25,1,0
BRDA:241,26,0,0
BRDA:241,26,1,0
BRDA:242,27,0,0
BRDA:242,27,1,0
BRDA:260,28,0,0
BRDA:260,28,1,0
BRDA:313,29,0,0
BRDA:313,29,1,0
BRDA:316,30,0,0
BRDA:316,30,1,0
BRDA:320,31,0,0
BRDA:320,31,1,0
BRDA:320,32,0,0
BRDA:320,32,1,0
BRDA:345,33,0,0
BRDA:345,33,1,0
BRDA:348,34,0,0
BRDA:348,34,1,0
BRDA:352,35,0,0
BRDA:352,35,1,0
BRDA:352,36,0,0
BRDA:352,36,1,0
BRDA:381,37,0,0
BRDA:381,37,1,0
BRDA:384,38,0,0
BRDA:384,38,1,0
BRDA:388,39,0,0
BRDA:388,39,1,0
BRDA:388,40,0,0
BRDA:388,40,1,0
BRDA:439,41,0,0
BRDA:439,41,1,0
BRDA:444,42,0,0
BRDA:449,43,0,0
BRDA:449,43,1,0
BRDA:457,44,0,0
BRDA:457,44,1,0
BRDA:458,45,0,0
BRDA:458,45,1,0
BRDA:458,46,0,0
BRDA:458,46,1,0
BRF:95
BRH:0
end_of_record
TN:
SF:src\modules\components\NestingResult\BatchParameters.tsx
FN:29,BatchParameters
FN:31,(anonymous_3)
FNF:2
FNH:0
FNDA:0,BatchParameters
FNDA:0,(anonymous_3)
DA:3,0
DA:4,0
DA:12,0
DA:29,0
DA:30,0
DA:31,0
DA:32,0
DA:34,0
LF:8
LH:0
BRDA:31,0,0,0
BRDA:31,0,1,0
BRDA:32,1,0,0
BRDA:32,1,1,0
BRDA:34,2,0,0
BRDA:34,2,1,0
BRDA:90,3,0,0
BRF:7
BRH:0
end_of_record
TN:
SF:src\modules\components\NestingResult\BatchTabs.tsx
FN:43,BatchTabs
FN:63,(anonymous_3)
FN:76,(anonymous_4)
FN:106,(anonymous_5)
FN:108,(anonymous_6)
FN:131,(anonymous_7)
FN:136,(anonymous_8)
FNF:7
FNH:0
FNDA:0,BatchTabs
FNDA:0,(anonymous_3)
FNDA:0,(anonymous_4)
FNDA:0,(anonymous_5)
FNDA:0,(anonymous_6)
FNDA:0,(anonymous_7)
FNDA:0,(anonymous_8)
DA:3,0
DA:4,0
DA:5,0
DA:6,0
DA:7,0
DA:14,0
DA:43,0
DA:45,0
DA:63,0
DA:64,0
DA:76,0
DA:77,0
DA:79,0
DA:81,0
DA:83,0
DA:85,0
DA:106,0
DA:109,0
DA:132,0
DA:136,0
LF:20
LH:0
BRDA:45,0,0,0
BRDA:45,0,1,0
BRDA:77,1,0,0
BRDA:77,1,1,0
BRDA:77,1,2,0
BRDA:77,1,3,0
BRDA:116,2,0,0
BRDA:116,2,1,0
BRDA:118,3,0,0
BRDA:134,4,0,0
BRDA:134,4,1,0
BRDA:135,5,0,0
BRDA:135,5,1,0
BRDA:143,6,0,0
BRDA:143,6,1,0
BRDA:155,7,0,0
BRDA:161,8,0,0
BRDA:161,8,1,0
BRF:18
BRH:0
end_of_record
TN:
SF:src\modules\components\NestingResult\HistoryPanel.tsx
FN:37,HistoryPanel
FN:39,(anonymous_3)
FN:70,(anonymous_4)
FN:75,(anonymous_5)
FN:88,(anonymous_6)
FN:101,(anonymous_7)
FN:123,(anonymous_8)
FNF:7
FNH:0
FNDA:0,HistoryPanel
FNDA:0,(anonymous_3)
FNDA:0,(anonymous_4)
FNDA:0,(anonymous_5)
FNDA:0,(anonymous_6)
FNDA:0,(anonymous_7)
FNDA:0,(anonymous_8)
DA:3,0
DA:4,0
DA:12,0
DA:37,0
DA:39,0
DA:40,0
DA:43,0
DA:54,0
DA:55,0
DA:70,0
DA:73,0
DA:75,0
DA:76,0
DA:88,0
DA:89,0
DA:91,0
DA:93,0
DA:95,0
DA:97,0
DA:101,0
DA:102,0
DA:124,0
LF:22
LH:0
BRDA:54,0,0,0
BRDA:54,0,1,0
BRDA:54,1,0,0
BRDA:54,1,1,0
BRDA:57,2,0,0
BRDA:57,2,1,0
BRDA:61,3,0,0
BRDA:61,3,1,0
BRDA:89,4,0,0
BRDA:89,4,1,0
BRDA:89,4,2,0
BRDA:89,4,3,0
BRDA:122,5,0,0
BRDA:140,6,0,0
BRDA:145,7,0,0
BRDA:145,7,1,0
BRDA:161,8,0,0
BRDA:161,8,1,0
BRDA:163,9,0,0
BRDA:163,9,1,0
BRDA:183,10,0,0
BRDA:183,10,1,0
BRF:22
BRH:0
end_of_record
TN:
SF:src\modules\components\NestingResult\NestingDetailsCard.tsx
FN:54,NestingDetailsCard
FN:58,(anonymous_3)
FNF:2
FNH:0
FNDA:0,NestingDetailsCard
FNDA:0,(anonymous_3)
DA:3,0
DA:4,0
DA:13,0
DA:54,0
DA:55,0
DA:56,0
DA:58,0
DA:59,0
DA:60,0
DA:61,0
LF:10
LH:0
BRDA:55,0,0,0
BRDA:55,0,1,0
BRDA:56,1,0,0
BRDA:56,1,1,0
BRDA:59,2,0,0
BRDA:59,2,1,0
BRDA:60,3,0,0
BRDA:60,3,1,0
BRDA:101,4,0,0
BRDA:112,5,0,0
BRDA:157,6,0,0
BRDA:167,7,0,0
BRDA:177,8,0,0
BRDA:189,9,0,0
BRF:14
BRH:0
end_of_record
TN:
SF:src\modules\curing\batch-monitoring\page.tsx
FN:115,StatoBadge
FN:116,(anonymous_4)
FN:138,(anonymous_5)
FN:170,BatchMonitoringPage
FN:178,(anonymous_7)
FN:180,(anonymous_8)
FN:186,(anonymous_9)
FN:190,(anonymous_10)
FN:193,(anonymous_11)
FN:204,(anonymous_12)
FN:264,(anonymous_13)
FN:275,(anonymous_14)
FN:282,(anonymous_15)
FN:287,(anonymous_16)
FN:292,(anonymous_17)
FN:298,(anonymous_18)
FN:311,(anonymous_19)
FN:312,(anonymous_20)
FN:318,(anonymous_21)
FN:319,(anonymous_22)
FN:320,(anonymous_23)
FN:321,(anonymous_24)
FN:322,(anonymous_25)
FN:323,(anonymous_26)
FN:326,(anonymous_27)
FN:327,(anonymous_28)
FN:471,(anonymous_29)
FN:495,(anonymous_30)
FN:504,(anonymous_31)
FN:552,(anonymous_32)
FNF:30
FNH:0
FNDA:0,StatoBadge
FNDA:0,(anonymous_4)
FNDA:0,(anonymous_5)
FNDA:0,BatchMonitoringPage
FNDA:0,(anonymous_7)
FNDA:0,(anonymous_8)
FNDA:0,(anonymous_9)
FNDA:0,(anonymous_10)
FNDA:0,(anonymous_11)
FNDA:0,(anonymous_12)
FNDA:0,(anonymous_13)
FNDA:0,(anonymous_14)
FNDA:0,(anonymous_15)
FNDA:0,(anonymous_16)
FNDA:0,(anonymous_17)
FNDA:0,(anonymous_18)
FNDA:0,(anonymous_19)
FNDA:0,(anonymous_20)
FNDA:0,(anonymous_21)
FNDA:0,(anonymous_22)
FNDA:0,(anonymous_23)
FNDA:0,(anonymous_24)
FNDA:0,(anonymous_25)
FNDA:0,(anonymous_26)
FNDA:0,(anonymous_27)
FNDA:0,(anonymous_28)
FNDA:0,(anonymous_29)
FNDA:0,(anonymous_30)
FNDA:0,(anonymous_31)
FNDA:0,(anonymous_32)
DA:3,0
DA:6,0
DA:8,0
DA:9,0
DA:10,0
DA:11,0
DA:12,0
DA:13,0
DA:14,0
DA:30,0
DA:31,0
DA:32,0
DA:67,0
DA:116,0
DA:117,0
DA:119,0
DA:121,0
DA:124,0
DA:127,0
DA:130,0
DA:132,0
DA:134,0
DA:138,0
DA:139,0
DA:141,0
DA:143,0
DA:145,0
DA:147,0
DA:149,0
DA:151,0
DA:153,0
DA:155,0
DA:157,0
DA:159,0
DA:170,0
DA:171,0
DA:172,0
DA:173,0
DA:174,0
DA:175,0
DA:178,0
DA:179,0
DA:180,0
DA:181,0
DA:183,0
DA:186,0
DA:187,0
DA:189,0
DA:190,0
DA:193,0
DA:194,0
DA:195,0
DA:196,0
DA:199,0
DA:204,0
DA:207,0
DA:209,0
DA:212,0
DA:213,0
DA:214,0
DA:215,0
DA:216,0
DA:219,0
DA:220,0
DA:222,0
DA:224,0
DA:225,0
DA:226,0
DA:228,0
DA:229,0
DA:231,0
DA:234,0
DA:236,0
DA:238,0
DA:239,0
DA:241,0
DA:244,0
DA:264,0
DA:266,0
DA:268,0
DA:269,0
DA:271,0
DA:275,0
DA:276,0
DA:277,0
DA:278,0
DA:279,0
DA:282,0
DA:283,0
DA:284,0
DA:287,0
DA:288,0
DA:289,0
DA:292,0
DA:293,0
DA:294,0
DA:298,0
DA:299,0
DA:304,0
DA:307,0
DA:311,0
DA:312,0
DA:316,0
DA:318,0
DA:319,0
DA:320,0
DA:321,0
DA:322,0
DA:323,0
DA:326,0
DA:327,0
DA:333,0
DA:346,0
DA:471,0
DA:496,0
DA:497,0
DA:498,0
DA:500,0
DA:504,0
DA:553,0
LF:120
LH:0
BRDA:117,0,0,0
BRDA:117,0,1,0
BRDA:117,0,2,0
BRDA:117,0,3,0
BRDA:117,0,4,0
BRDA:117,0,5,0
BRDA:117,0,6,0
BRDA:117,0,7,0
BRDA:117,0,8,0
BRDA:117,0,9,0
BRDA:139,1,0,0
BRDA:139,1,1,0
BRDA:139,1,2,0
BRDA:139,1,3,0
BRDA:139,1,4,0
BRDA:139,1,5,0
BRDA:139,1,6,0
BRDA:139,1,7,0
BRDA:139,1,8,0
BRDA:139,1,9,0
BRDA:209,2,0,0
BRDA:209,2,1,0
BRDA:209,2,2,0
BRDA:209,2,3,0
BRDA:212,3,0,0
BRDA:212,3,1,0
BRDA:215,4,0,0
BRDA:215,4,1,0
BRDA:222,5,0,0
BRDA:222,5,1,0
BRDA:226,6,0,0
BRDA:226,6,1,0
BRDA:229,7,0,0
BRDA:229,7,1,0
BRDA:246,8,0,0
BRDA:246,8,1,0
BRDA:246,9,0,0
BRDA:246,9,1,0
BRDA:251,10,0,0
BRDA:251,10,1,0
BRDA:252,11,0,0
BRDA:252,11,1,0
BRDA:253,12,0,0
BRDA:253,12,1,0
BRDA:254,13,0,0
BRDA:254,13,1,0
BRDA:255,14,0,0
BRDA:255,14,1,0
BRDA:256,15,0,0
BRDA:256,15,1,0
BRDA:257,16,0,0
BRDA:257,16,1,0
BRDA:258,17,0,0
BRDA:258,17,1,0
BRDA:259,18,0,0
BRDA:259,18,1,0
BRDA:276,19,0,0
BRDA:276,19,1,0
BRDA:283,20,0,0
BRDA:283,20,1,0
BRDA:288,21,0,0
BRDA:288,21,1,0
BRDA:293,22,0,0
BRDA:293,22,1,0
BRDA:293,23,0,0
BRDA:293,23,1,0
BRDA:299,24,0,0
BRDA:299,24,1,0
BRDA:299,24,2,0
BRDA:299,24,3,0
BRDA:304,25,0,0
BRDA:304,25,1,0
BRDA:304,25,2,0
BRDA:307,26,0,0
BRDA:307,26,1,0
BRDA:333,27,0,0
BRDA:333,27,1,0
BRDA:333,28,0,0
BRDA:333,28,1,0
BRDA:346,29,0,0
BRDA:346,29,1,0
BRDA:376,30,0,0
BRDA:376,30,1,0
BRDA:521,31,0,0
BRDA:533,32,0,0
BRDA:544,33,0,0
BRDA:545,34,0,0
BRDA:546,35,0,0
BRDA:547,36,0,0
BRDA:574,37,0,0
BRDA:578,38,0,0
BRDA:599,39,0,0
BRDA:611,40,0,0
BRF:93
BRH:0
end_of_record
TN:
SF:src\modules\curing\cicli-cura\page.tsx
FN:24,CicliCuraPage
FN:32,(anonymous_2)
FN:49,(anonymous_3)
FN:53,(anonymous_4)
FN:58,(anonymous_5)
FN:63,(anonymous_6)
FN:85,(anonymous_7)
FN:106,(anonymous_8)
FN:135,(anonymous_9)
FN:159,(anonymous_10)
FN:164,(anonymous_11)
FNF:11
FNH:0
FNDA:0,CicliCuraPage
FNDA:0,(anonymous_2)
FNDA:0,(anonymous_3)
FNDA:0,(anonymous_4)
FNDA:0,(anonymous_5)
FNDA:0,(anonymous_6)
FNDA:0,(anonymous_7)
FNDA:0,(anonymous_8)
FNDA:0,(anonymous_9)
FNDA:0,(anonymous_10)
FNDA:0,(anonymous_11)
DA:3,0
DA:4,0
DA:5,0
DA:6,0
DA:7,0
DA:8,0
DA:9,0
DA:10,0
DA:16,0
DA:22,0
DA:24,0
DA:25,0
DA:26,0
DA:27,0
DA:28,0
DA:29,0
DA:30,0
DA:32,0
DA:33,0
DA:34,0
DA:35,0
DA:36,0
DA:38,0
DA:39,0
DA:45,0
DA:49,0
DA:50,0
DA:53,0
DA:54,0
DA:55,0
DA:58,0
DA:59,0
DA:60,0
DA:63,0
DA:64,0
DA:65,0
DA:68,0
DA:69,0
DA:70,0
DA:74,0
DA:76,0
DA:77,0
DA:85,0
DA:86,0
DA:87,0
DA:106,0
DA:136,0
DA:159,0
DA:164,0
LF:49
LH:0
BRDA:64,0,0,0
BRDA:64,0,1,0
BRDA:112,1,0,0
BRDA:128,2,0,0
BRDA:128,2,1,0
BRDA:143,3,0,0
BRF:6
BRH:0
end_of_record
TN:
SF:src\modules\curing\cicli-cura\components\ciclo-modal.tsx
FN:33,CicloModal
FN:52,(anonymous_2)
FN:80,(anonymous_3)
FN:230,(anonymous_6)
FN:267,(anonymous_8)
FN:304,(anonymous_10)
FN:380,(anonymous_13)
FN:417,(anonymous_15)
FN:454,(anonymous_17)
FN:483,(anonymous_18)
FNF:10
FNH:0
FNDA:0,CicloModal
FNDA:0,(anonymous_2)
FNDA:0,(anonymous_3)
FNDA:0,(anonymous_6)
FNDA:0,(anonymous_8)
FNDA:0,(anonymous_10)
FNDA:0,(anonymous_13)
FNDA:0,(anonymous_15)
FNDA:0,(anonymous_17)
FNDA:0,(anonymous_18)
DA:3,0
DA:4,0
DA:5,0
DA:6,0
DA:7,0
DA:8,0
DA:10,0
DA:11,0
DA:12,0
DA:13,0
DA:14,0
DA:33,0
DA:34,0
DA:35,0
DA:37,0
DA:52,0
DA:53,0
DA:55,0
DA:67,0
DA:80,0
DA:81,0
DA:82,0
DA:85,0
DA:86,0
DA:87,0
DA:88,0
DA:89,0
DA:92,0
DA:93,0
DA:94,0
DA:99,0
DA:100,0
DA:107,0
DA:118,0
DA:119,0
DA:121,0
DA:122,0
DA:128,0
DA:133,0
DA:137,0
DA:231,0
DA:232,0
DA:233,0
DA:235,0
DA:236,0
DA:237,0
DA:268,0
DA:269,0
DA:270,0
DA:272,0
DA:273,0
DA:274,0
DA:305,0
DA:306,0
DA:307,0
DA:309,0
DA:310,0
DA:311,0
DA:381,0
DA:382,0
DA:383,0
DA:385,0
DA:386,0
DA:387,0
DA:418,0
DA:419,0
DA:420,0
DA:422,0
DA:423,0
DA:424,0
DA:455,0
DA:456,0
DA:457,0
DA:459,0
DA:460,0
DA:461,0
DA:483,0
LF:77
LH:0
BRDA:53,0,0,0
BRDA:53,0,1,0
BRDA:61,1,0,0
BRDA:61,1,1,0
BRDA:62,2,0,0
BRDA:62,2,1,0
BRDA:63,3,0,0
BRDA:63,3,1,0
BRDA:86,4,0,0
BRDA:86,4,1,0
BRDA:92,5,0,0
BRDA:92,5,1,0
BRDA:133,6,0,0
BRDA:133,6,1,0
BRDA:134,7,0,0
BRDA:134,7,1,0
BRDA:137,8,0,0
BRDA:137,8,1,0
BRDA:138,9,0,0
BRDA:138,9,1,0
BRDA:146,10,0,0
BRDA:146,10,1,0
BRDA:229,11,0,0
BRDA:229,11,1,0
BRDA:232,12,0,0
BRDA:232,12,1,0
BRDA:236,13,0,0
BRDA:236,13,1,0
BRDA:236,14,0,0
BRDA:236,14,1,0
BRDA:266,15,0,0
BRDA:266,15,1,0
BRDA:269,16,0,0
BRDA:269,16,1,0
BRDA:273,17,0,0
BRDA:273,17,1,0
BRDA:273,18,0,0
BRDA:273,18,1,0
BRDA:303,19,0,0
BRDA:303,19,1,0
BRDA:306,20,0,0
BRDA:306,20,1,0
BRDA:310,21,0,0
BRDA:310,21,1,0
BRDA:310,22,0,0
BRDA:310,22,1,0
BRDA:352,23,0,0
BRDA:379,24,0,0
BRDA:379,24,1,0
BRDA:382,25,0,0
BRDA:382,25,1,0
BRDA:386,26,0,0
BRDA:386,26,1,0
BRDA:386,27,0,0
BRDA:386,27,1,0
BRDA:416,28,0,0
BRDA:416,28,1,0
BRDA:419,29,0,0
BRDA:419,29,1,0
BRDA:423,30,0,0
BRDA:423,30,1,0
BRDA:423,31,0,0
BRDA:423,31,1,0
BRDA:453,32,0,0
BRDA:453,32,1,0
BRDA:456,33,0,0
BRDA:456,33,1,0
BRDA:460,34,0,0
BRDA:460,34,1,0
BRDA:460,35,0,0
BRDA:460,35,1,0
BRDA:489,36,0,0
BRDA:489,36,1,0
BRDA:495,37,0,0
BRDA:495,37,1,0
BRF:75
BRH:0
end_of_record
TN:
SF:src\modules\curing\conferma-cura\page.tsx
FN:17,ConfermaFineCuraPage
FN:24,(anonymous_2)
FN:28,(anonymous_3)
FN:53,(anonymous_4)
FN:78,(anonymous_5)
FN:108,(anonymous_6)
FN:125,(anonymous_7)
FN:197,(anonymous_8)
FN:263,(anonymous_9)
FN:304,(anonymous_10)
FNF:10
FNH:0
FNDA:0,ConfermaFineCuraPage
FNDA:0,(anonymous_2)
FNDA:0,(anonymous_3)
FNDA:0,(anonymous_4)
FNDA:0,(anonymous_5)
FNDA:0,(anonymous_6)
FNDA:0,(anonymous_7)
FNDA:0,(anonymous_8)
FNDA:0,(anonymous_9)
FNDA:0,(anonymous_10)
DA:3,0
DA:4,0
DA:5,0
DA:6,0
DA:7,0
DA:8,0
DA:9,0
DA:10,0
DA:17,0
DA:18,0
DA:19,0
DA:20,0
DA:21,0
DA:24,0
DA:25,0
DA:28,0
DA:29,0
DA:30,0
DA:31,0
DA:34,0
DA:39,0
DA:42,0
DA:44,0
DA:45,0
DA:47,0
DA:50,0
DA:53,0
DA:54,0
DA:56,0
DA:63,0
DA:67,0
DA:68,0
DA:71,0
DA:72,0
DA:74,0
DA:78,0
DA:79,0
DA:81,0
DA:82,0
DA:84,0
DA:94,0
DA:97,0
DA:100,0
DA:102,0
DA:104,0
DA:108,0
DA:109,0
DA:111,0
DA:112,0
DA:113,0
DA:114,0
DA:116,0
DA:117,0
DA:119,0
DA:120,0
DA:121,0
DA:125,0
DA:126,0
DA:127,0
DA:128,0
DA:129,0
DA:133,0
DA:198,0
DA:264,0
DA:304,0
LF:65
LH:0
BRDA:72,0,0,0
BRDA:72,0,1,0
BRDA:79,1,0,0
BRDA:79,1,1,0
BRDA:94,2,0,0
BRDA:94,2,1,0
BRDA:102,3,0,0
BRDA:102,3,1,0
BRDA:109,4,0,0
BRDA:109,4,1,0
BRDA:116,5,0,0
BRDA:116,5,1,0
BRDA:126,6,0,0
BRDA:126,6,1,0
BRDA:126,6,2,0
BRDA:133,7,0,0
BRDA:133,7,1,0
BRDA:164,8,0,0
BRDA:178,9,0,0
BRDA:178,9,1,0
BRDA:184,10,0,0
BRDA:204,11,0,0
BRDA:204,11,1,0
BRDA:259,12,0,0
BRDA:273,13,0,0
BRDA:283,14,0,0
BRDA:290,15,0,0
BRDA:290,15,1,0
BRDA:309,16,0,0
BRF:29
BRH:0
end_of_record
TN:
SF:src\modules\curing\nesting\page.tsx
FN:12,CuringNestingPage
FN:17,(anonymous_3)
FN:21,(anonymous_4)
FN:40,(anonymous_5)
FN:54,(anonymous_6)
FN:92,(anonymous_7)
FN:93,(anonymous_8)
FN:129,(anonymous_9)
FN:145,(anonymous_10)
FN:146,(anonymous_11)
FN:187,(anonymous_12)
FN:201,(anonymous_13)
FN:235,(anonymous_14)
FNF:13
FNH:0
FNDA:0,CuringNestingPage
FNDA:0,(anonymous_3)
FNDA:0,(anonymous_4)
FNDA:0,(anonymous_5)
FNDA:0,(anonymous_6)
FNDA:0,(anonymous_7)
FNDA:0,(anonymous_8)
FNDA:0,(anonymous_9)
FNDA:0,(anonymous_10)
FNDA:0,(anonymous_11)
FNDA:0,(anonymous_12)
FNDA:0,(anonymous_13)
FNDA:0,(anonymous_14)
DA:3,0
DA:4,0
DA:5,0
DA:6,0
DA:7,0
DA:8,0
DA:9,0
DA:10,0
DA:12,0
DA:13,0
DA:14,0
DA:15,0
DA:17,0
DA:18,0
DA:21,0
DA:22,0
DA:23,0
DA:29,0
DA:30,0
DA:31,0
DA:34,0
DA:36,0
DA:40,0
DA:41,0
DA:50,0
DA:54,0
DA:55,0
DA:92,0
DA:94,0
DA:129,0
DA:145,0
DA:147,0
DA:187,0
DA:202,0
DA:235,0
LF:35
LH:0
BRDA:29,0,0,0
BRDA:29,0,1,0
BRDA:50,1,0,0
BRDA:50,1,1,0
BRDA:88,2,0,0
BRDA:88,2,1,0
BRDA:98,3,0,0
BRDA:98,3,1,0
BRDA:151,4,0,0
BRDA:151,4,1,0
BRDA:161,5,0,0
BRDA:161,5,1,0
BRDA:170,6,0,0
BRDA:170,6,1,0
BRDA:206,7,0,0
BRDA:206,7,1,0
BRF:16
BRH:0
end_of_record
TN:
SF:src\modules\curing\statistics\page.tsx
FN:38,StatisticsPage
FN:43,(anonymous_2)
FN:47,(anonymous_3)
FN:55,(anonymous_4)
FN:76,(anonymous_5)
FN:80,(anonymous_6)
FN:81,(anonymous_7)
FN:82,(anonymous_8)
FN:85,(anonymous_9)
FN:87,(anonymous_10)
FN:101,(anonymous_11)
FN:238,(anonymous_12)
FN:289,(anonymous_13)
FN:291,(anonymous_14)
FN:319,(anonymous_15)
FN:320,(anonymous_16)
FN:322,(anonymous_17)
FNF:17
FNH:0
FNDA:0,StatisticsPage
FNDA:0,(anonymous_2)
FNDA:0,(anonymous_3)
FNDA:0,(anonymous_4)
FNDA:0,(anonymous_5)
FNDA:0,(anonymous_6)
FNDA:0,(anonymous_7)
FNDA:0,(anonymous_8)
FNDA:0,(anonymous_9)
FNDA:0,(anonymous_10)
FNDA:0,(anonymous_11)
FNDA:0,(anonymous_12)
FNDA:0,(anonymous_13)
FNDA:0,(anonymous_14)
FNDA:0,(anonymous_15)
FNDA:0,(anonymous_16)
FNDA:0,(anonymous_17)
DA:3,0
DA:4,0
DA:5,0
DA:6,0
DA:7,0
DA:17,0
DA:18,0
DA:38,0
DA:39,0
DA:40,0
DA:41,0
DA:43,0
DA:44,0
DA:47,0
DA:48,0
DA:49,0
DA:51,0
DA:54,0
DA:56,0
DA:57,0
DA:58,0
DA:60,0
DA:61,0
DA:66,0
DA:68,0
DA:69,0
DA:71,0
DA:76,0
DA:77,0
DA:79,0
DA:80,0
DA:81,0
DA:82,0
DA:85,0
DA:86,0
DA:87,0
DA:90,0
DA:99,0
DA:101,0
DA:102,0
DA:103,0
DA:104,0
DA:107,0
DA:120,0
DA:239,0
DA:289,0
DA:292,0
DA:319,0
DA:320,0
DA:323,0
LF:50
LH:0
BRDA:77,0,0,0
BRDA:77,0,1,0
BRDA:86,1,0,0
BRDA:86,1,1,0
BRDA:87,2,0,0
BRDA:87,2,1,0
BRDA:107,3,0,0
BRDA:107,3,1,0
BRDA:120,4,0,0
BRDA:120,4,1,0
BRDA:154,5,0,0
BRDA:210,6,0,0
BRDA:210,6,1,0
BRDA:253,7,0,0
BRDA:320,8,0,0
BRDA:320,8,1,0
BRDA:320,9,0,0
BRDA:320,9,1,0
BRDA:331,10,0,0
BRDA:331,10,1,0
BRF:20
BRH:0
end_of_record
TN:
SF:src\modules\dashboard\page.tsx
FN:20,DashboardPage
FN:21,(anonymous_3)
FNF:2
FNH:0
FNDA:0,DashboardPage
FNDA:0,(anonymous_3)
DA:3,0
DA:4,0
DA:5,0
DA:6,0
DA:16,0
DA:17,0
DA:18,0
DA:20,0
DA:21,0
LF:9
LH:0
BRF:0
BRH:0
end_of_record
TN:
SF:src\modules\dashboard\monitoraggio\page.tsx
FN:30,MonitoraggioPage
FN:45,(anonymous_3)
FN:46,(anonymous_4)
FN:51,(anonymous_5)
FN:69,(anonymous_6)
FN:70,(anonymous_7)
FN:74,(anonymous_8)
FN:79,(anonymous_9)
FN:123,(anonymous_10)
FN:141,(anonymous_11)
FN:148,(anonymous_12)
FN:161,(anonymous_13)
FN:202,(anonymous_14)
FN:217,(anonymous_15)
FN:232,(anonymous_16)
FNF:15
FNH:0
FNDA:0,MonitoraggioPage
FNDA:0,(anonymous_3)
FNDA:0,(anonymous_4)
FNDA:0,(anonymous_5)
FNDA:0,(anonymous_6)
FNDA:0,(anonymous_7)
FNDA:0,(anonymous_8)
FNDA:0,(anonymous_9)
FNDA:0,(anonymous_10)
FNDA:0,(anonymous_11)
FNDA:0,(anonymous_12)
FNDA:0,(anonymous_13)
FNDA:0,(anonymous_14)
FNDA:0,(anonymous_15)
FNDA:0,(anonymous_16)
DA:3,0
DA:4,0
DA:6,0
DA:7,0
DA:8,0
DA:9,0
DA:10,0
DA:11,0
DA:12,0
DA:15,0
DA:16,0
DA:17,0
DA:19,0
DA:30,0
DA:31,0
DA:32,0
DA:33,0
DA:34,0
DA:35,0
DA:38,0
DA:45,0
DA:46,0
DA:47,0
DA:48,0
DA:49,0
DA:50,0
DA:51,0
DA:53,0
DA:54,0
DA:55,0
DA:61,0
DA:65,0
DA:69,0
DA:70,0
DA:74,0
DA:75,0
DA:76,0
DA:77,0
DA:79,0
DA:86,0
DA:123,0
DA:141,0
DA:149,0
DA:161,0
DA:203,0
DA:204,0
DA:218,0
DA:219,0
DA:233,0
DA:234,0
LF:50
LH:0
BRDA:86,0,0,0
BRDA:86,0,1,0
BRDA:104,1,0,0
BRF:3
BRH:0
end_of_record
TN:
SF:src\modules\dashboard\monitoraggio\components\performance-generale.tsx
FN:35,PerformanceGenerale
FN:39,(anonymous_2)
FN:40,(anonymous_3)
FN:51,(anonymous_4)
FN:57,(anonymous_5)
FN:61,(anonymous_6)
FN:69,(anonymous_7)
FN:70,(anonymous_8)
FN:82,(anonymous_9)
FN:83,(anonymous_10)
FN:87,(anonymous_11)
FN:102,(anonymous_12)
FNF:12
FNH:0
FNDA:0,PerformanceGenerale
FNDA:0,(anonymous_2)
FNDA:0,(anonymous_3)
FNDA:0,(anonymous_4)
FNDA:0,(anonymous_5)
FNDA:0,(anonymous_6)
FNDA:0,(anonymous_7)
FNDA:0,(anonymous_8)
FNDA:0,(anonymous_9)
FNDA:0,(anonymous_10)
FNDA:0,(anonymous_11)
FNDA:0,(anonymous_12)
DA:3,0
DA:4,0
DA:5,0
DA:6,0
DA:7,0
DA:8,0
DA:9,0
DA:35,0
DA:36,0
DA:37,0
DA:39,0
DA:40,0
DA:41,0
DA:42,0
DA:45,0
DA:48,0
DA:50,0
DA:51,0
DA:52,0
DA:56,0
DA:57,0
DA:60,0
DA:61,0
DA:62,0
DA:63,0
DA:68,0
DA:69,0
DA:70,0
DA:71,0
DA:73,0
DA:76,0
DA:77,0
DA:78,0
DA:81,0
DA:82,0
DA:83,0
DA:86,0
DA:87,0
DA:88,0
DA:90,0
DA:93,0
DA:98,0
DA:101,0
DA:102,0
DA:103,0
DA:105,0
DA:107,0
DA:118,0
DA:119,0
DA:121,0
DA:125,0
DA:128,0
DA:137,0
LF:53
LH:0
BRDA:50,0,0,0
BRDA:50,0,1,0
BRDA:50,1,0,0
BRDA:50,1,1,0
BRDA:56,2,0,0
BRDA:56,2,1,0
BRDA:56,3,0,0
BRDA:56,3,1,0
BRDA:60,4,0,0
BRDA:60,4,1,0
BRDA:60,5,0,0
BRDA:60,5,1,0
BRDA:63,6,0,0
BRDA:63,6,1,0
BRDA:77,7,0,0
BRDA:77,7,1,0
BRDA:83,8,0,0
BRDA:83,8,1,0
BRDA:86,9,0,0
BRDA:86,9,1,0
BRDA:88,10,0,0
BRDA:88,10,1,0
BRDA:98,11,0,0
BRDA:98,11,1,0
BRDA:128,12,0,0
BRDA:128,12,1,0
BRDA:137,13,0,0
BRDA:137,13,1,0
BRDA:161,14,0,0
BRDA:178,15,0,0
BRDA:229,16,0,0
BRDA:266,17,0,0
BRDA:266,17,1,0
BRDA:281,18,0,0
BRDA:281,18,1,0
BRDA:289,19,0,0
BRDA:297,20,0,0
BRDA:297,20,1,0
BRDA:311,21,0,0
BRDA:322,22,0,0
BRF:40
BRH:0
end_of_record
TN:
SF:src\modules\dashboard\monitoraggio\components\statistiche-catalogo.tsx
FN:46,StatisticheCatalogo
FN:53,(anonymous_5)
FN:56,(anonymous_6)
FN:88,(anonymous_7)
FN:94,(anonymous_8)
FN:101,(anonymous_9)
FN:113,(anonymous_10)
FN:123,(anonymous_11)
FN:129,(anonymous_12)
FN:142,(anonymous_13)
FN:148,(anonymous_14)
FN:161,(anonymous_15)
FN:167,(anonymous_16)
FN:180,(anonymous_17)
FN:185,(anonymous_18)
FN:191,(anonymous_19)
FN:197,(anonymous_20)
FN:221,(anonymous_21)
FN:233,(anonymous_22)
FN:241,(anonymous_23)
FN:335,(anonymous_24)
FNF:21
FNH:0
FNDA:0,StatisticheCatalogo
FNDA:0,(anonymous_5)
FNDA:0,(anonymous_6)
FNDA:0,(anonymous_7)
FNDA:0,(anonymous_8)
FNDA:0,(anonymous_9)
FNDA:0,(anonymous_10)
FNDA:0,(anonymous_11)
FNDA:0,(anonymous_12)
FNDA:0,(anonymous_13)
FNDA:0,(anonymous_14)
FNDA:0,(anonymous_15)
FNDA:0,(anonymous_16)
FNDA:0,(anonymous_17)
FNDA:0,(anonymous_18)
FNDA:0,(anonymous_19)
FNDA:0,(anonymous_20)
FNDA:0,(anonymous_21)
FNDA:0,(anonymous_22)
FNDA:0,(anonymous_23)
FNDA:0,(anonymous_24)
DA:3,0
DA:4,0
DA:5,0
DA:7,0
DA:8,0
DA:9,0
DA:10,0
DA:11,0
DA:12,0
DA:46,0
DA:47,0
DA:48,0
DA:49,0
DA:50,0
DA:53,0
DA:54,0
DA:56,0
DA:57,0
DA:58,0
DA:59,0
DA:62,0
DA:63,0
DA:66,0
DA:67,0
DA:69,0
DA:70,0
DA:73,0
DA:74,0
DA:75,0
DA:78,0
DA:79,0
DA:84,0
DA:85,0
DA:88,0
DA:89,0
DA:94,0
DA:95,0
DA:96,0
DA:101,0
DA:102,0
DA:104,0
DA:105,0
DA:113,0
DA:114,0
DA:119,0
DA:123,0
DA:124,0
DA:126,0
DA:128,0
DA:129,0
DA:130,0
DA:131,0
DA:135,0
DA:138,0
DA:142,0
DA:143,0
DA:145,0
DA:147,0
DA:148,0
DA:149,0
DA:150,0
DA:154,0
DA:157,0
DA:161,0
DA:162,0
DA:164,0
DA:166,0
DA:167,0
DA:168,0
DA:169,0
DA:173,0
DA:176,0
DA:180,0
DA:181,0
DA:185,0
DA:186,0
DA:187,0
DA:191,0
DA:197,0
DA:198,0
DA:199,0
DA:200,0
DA:201,0
DA:202,0
DA:221,0
DA:234,0
DA:241,0
DA:336,0
DA:338,0
LF:89
LH:0
BRDA:57,0,0,0
BRDA:57,0,1,0
BRDA:69,1,0,0
BRDA:69,1,1,0
BRDA:74,2,0,0
BRDA:74,2,1,0
BRDA:78,3,0,0
BRDA:78,3,1,0
BRDA:84,4,0,0
BRDA:84,4,1,0
BRDA:95,5,0,0
BRDA:95,5,1,0
BRDA:95,6,0,0
BRDA:95,6,1,0
BRDA:95,6,2,0
BRDA:102,7,0,0
BRDA:102,7,1,0
BRDA:106,8,0,0
BRDA:106,8,1,0
BRDA:106,8,2,0
BRDA:106,8,3,0
BRDA:106,8,4,0
BRDA:119,9,0,0
BRDA:119,9,1,0
BRDA:124,10,0,0
BRDA:124,10,1,0
BRDA:124,11,0,0
BRDA:124,11,1,0
BRDA:130,12,0,0
BRDA:130,12,1,0
BRDA:130,13,0,0
BRDA:130,13,1,0
BRDA:143,14,0,0
BRDA:143,14,1,0
BRDA:143,15,0,0
BRDA:143,15,1,0
BRDA:149,16,0,0
BRDA:149,16,1,0
BRDA:149,17,0,0
BRDA:149,17,1,0
BRDA:162,18,0,0
BRDA:162,18,1,0
BRDA:162,19,0,0
BRDA:162,19,1,0
BRDA:168,20,0,0
BRDA:168,20,1,0
BRDA:168,21,0,0
BRDA:168,21,1,0
BRDA:168,21,2,0
BRDA:181,22,0,0
BRDA:181,22,1,0
BRDA:186,23,0,0
BRDA:186,23,1,0
BRDA:193,24,0,0
BRDA:198,25,0,0
BRDA:198,25,1,0
BRDA:198,25,2,0
BRDA:198,25,3,0
BRDA:228,26,0,0
BRDA:228,26,1,0
BRDA:237,27,0,0
BRDA:237,27,1,0
BRDA:258,28,0,0
BRDA:258,28,1,0
BRDA:261,29,0,0
BRDA:270,30,0,0
BRDA:277,31,0,0
BRDA:282,32,0,0
BRDA:296,33,0,0
BRDA:296,33,1,0
BRDA:322,34,0,0
BRDA:322,34,1,0
BRDA:322,35,0,0
BRDA:322,35,1,0
BRDA:335,36,0,0
BRDA:335,36,1,0
BRDA:335,36,2,0
BRDA:336,37,0,0
BRDA:336,37,1,0
BRDA:343,38,0,0
BRDA:353,39,0,0
BRDA:353,39,1,0
BRDA:370,40,0,0
BRDA:383,41,0,0
BRDA:383,41,1,0
BRDA:383,42,0,0
BRDA:383,42,1,0
BRDA:391,43,0,0
BRDA:391,43,1,0
BRDA:391,43,2,0
BRDA:399,44,0,0
BRDA:405,45,0,0
BRF:92
BRH:0
end_of_record
TN:
SF:src\modules\dashboard\monitoraggio\components\tempi-odl.tsx
FN:37,(anonymous_1)
FN:50,(anonymous_2)
FN:60,(anonymous_3)
FN:69,TempiODL
FN:85,(anonymous_5)
FN:102,(anonymous_6)
FN:110,(anonymous_7)
FN:112,(anonymous_8)
FN:114,(anonymous_9)
FN:121,(anonymous_10)
FN:123,(anonymous_11)
FN:125,(anonymous_12)
FN:140,(anonymous_13)
FN:145,(anonymous_14)
FN:149,(anonymous_15)
FN:160,(anonymous_16)
FN:161,(anonymous_17)
FN:165,(anonymous_18)
FN:175,(anonymous_19)
FN:208,(anonymous_20)
FN:214,(anonymous_21)
FN:243,(anonymous_22)
FN:289,(anonymous_23)
FN:338,(anonymous_24)
FN:365,(anonymous_25)
FN:376,(anonymous_26)
FN:383,(anonymous_27)
FN:412,(anonymous_28)
FN:420,(anonymous_29)
FNF:29
FNH:0
FNDA:0,(anonymous_1)
FNDA:0,(anonymous_2)
FNDA:0,(anonymous_3)
FNDA:0,TempiODL
FNDA:0,(anonymous_5)
FNDA:0,(anonymous_6)
FNDA:0,(anonymous_7)
FNDA:0,(anonymous_8)
FNDA:0,(anonymous_9)
FNDA:0,(anonymous_10)
FNDA:0,(anonymous_11)
FNDA:0,(anonymous_12)
FNDA:0,(anonymous_13)
FNDA:0,(anonymous_14)
FNDA:0,(anonymous_15)
FNDA:0,(anonymous_16)
FNDA:0,(anonymous_17)
FNDA:0,(anonymous_18)
FNDA:0,(anonymous_19)
FNDA:0,(anonymous_20)
FNDA:0,(anonymous_21)
FNDA:0,(anonymous_22)
FNDA:0,(anonymous_23)
FNDA:0,(anonymous_24)
FNDA:0,(anonymous_25)
FNDA:0,(anonymous_26)
FNDA:0,(anonymous_27)
FNDA:0,(anonymous_28)
FNDA:0,(anonymous_29)
DA:3,0
DA:4,0
DA:5,0
DA:6,0
DA:7,0
DA:8,0
DA:9,0
DA:10,0
DA:11,0
DA:12,0
DA:13,0
DA:15,0
DA:16,0
DA:17,0
DA:18,0
DA:19,0
DA:20,0
DA:37,0
DA:38,0
DA:39,0
DA:40,0
DA:42,0
DA:43,0
DA:46,0
DA:50,0
DA:51,0
DA:56,0
DA:60,0
DA:61,0
DA:66,0
DA:69,0
DA:70,0
DA:71,0
DA:72,0
DA:73,0
DA:74,0
DA:77,0
DA:78,0
DA:79,0
DA:80,0
DA:82,0
DA:83,0
DA:85,0
DA:86,0
DA:87,0
DA:90,0
DA:93,0
DA:94,0
DA:97,0
DA:98,0
DA:101,0
DA:102,0
DA:103,0
DA:104,0
DA:109,0
DA:110,0
DA:111,0
DA:112,0
DA:114,0
DA:115,0
DA:120,0
DA:121,0
DA:122,0
DA:123,0
DA:125,0
DA:126,0
DA:130,0
DA:131,0
DA:133,0
DA:134,0
DA:136,0
DA:141,0
DA:145,0
DA:146,0
DA:148,0
DA:149,0
DA:151,0
DA:160,0
DA:161,0
DA:165,0
DA:166,0
DA:167,0
DA:168,0
DA:169,0
DA:170,0
DA:175,0
DA:176,0
DA:178,0
DA:179,0
DA:182,0
DA:186,0
DA:192,0
DA:193,0
DA:196,0
DA:197,0
DA:203,0
DA:208,0
DA:209,0
DA:219,0
DA:221,0
DA:222,0
DA:224,0
DA:230,0
DA:233,0
DA:234,0
DA:243,0
DA:244,0
DA:245,0
DA:249,0
DA:255,0
DA:258,0
DA:259,0
DA:267,0
DA:289,0
DA:339,0
DA:340,0
DA:365,0
DA:376,0
DA:383,0
DA:412,0
DA:420,0
LF:121
LH:0
BRDA:38,0,0,0
BRDA:38,0,1,0
BRDA:42,1,0,0
BRDA:42,1,1,0
BRDA:56,2,0,0
BRDA:56,2,1,0
BRDA:66,3,0,0
BRDA:66,3,1,0
BRDA:93,4,0,0
BRDA:93,4,1,0
BRDA:101,5,0,0
BRDA:101,5,1,0
BRDA:101,6,0,0
BRDA:101,6,1,0
BRDA:104,7,0,0
BRDA:104,7,1,0
BRDA:109,8,0,0
BRDA:109,8,1,0
BRDA:109,9,0,0
BRDA:109,9,1,0
BRDA:120,10,0,0
BRDA:120,10,1,0
BRDA:120,11,0,0
BRDA:120,11,1,0
BRDA:146,12,0,0
BRDA:146,12,1,0
BRDA:152,13,0,0
BRDA:152,13,1,0
BRDA:152,13,2,0
BRDA:152,13,3,0
BRDA:152,13,4,0
BRDA:161,14,0,0
BRDA:161,14,1,0
BRDA:167,15,0,0
BRDA:167,15,1,0
BRDA:169,16,0,0
BRDA:169,16,1,0
BRDA:176,17,0,0
BRDA:176,17,1,0
BRDA:219,18,0,0
BRDA:219,18,1,0
BRDA:251,19,0,0
BRDA:251,19,1,0
BRDA:267,20,0,0
BRDA:267,20,1,0
BRDA:311,21,0,0
BRDA:344,22,0,0
BRDA:344,22,1,0
BRDA:355,23,0,0
BRDA:355,23,1,0
BRDA:364,24,0,0
BRDA:364,24,1,0
BRDA:365,25,0,0
BRDA:365,25,1,0
BRDA:369,26,0,0
BRDA:369,26,1,0
BRDA:369,26,2,0
BRDA:429,27,0,0
BRDA:429,27,1,0
BRF:59
BRH:0
end_of_record
TN:
SF:src\modules\home\page.tsx
FN:4,Home
FNF:1
FNH:0
FNDA:0,Home
DA:1,0
DA:2,0
DA:4,0
LF:3
LH:0
BRF:0
BRH:0
end_of_record
TN:
SF:src\modules\management\logs\page.tsx
FN:69,ResponsabileLogsPage
FN:83,(anonymous_3)
FN:87,(anonymous_4)
FN:103,(anonymous_5)
FN:115,(anonymous_6)
FN:118,(anonymous_7)
FN:139,(anonymous_8)
FN:144,(anonymous_9)
FN:148,(anonymous_10)
FN:201,(anonymous_11)
FN:202,(anonymous_12)
FN:215,(anonymous_13)
FN:216,(anonymous_14)
FN:239,(anonymous_15)
FN:239,(anonymous_16)
FN:246,(anonymous_17)
FN:257,(anonymous_18)
FN:257,(anonymous_19)
FN:264,(anonymous_20)
FN:275,(anonymous_21)
FN:275,(anonymous_22)
FN:295,(anonymous_23)
FN:295,(anonymous_24)
FN:304,(anonymous_25)
FN:304,(anonymous_26)
FN:312,(anonymous_27)
FN:312,(anonymous_28)
FN:356,(anonymous_29)
FN:401,(anonymous_30)
FNF:29
FNH:0
FNDA:0,ResponsabileLogsPage
FNDA:0,(anonymous_3)
FNDA:0,(anonymous_4)
FNDA:0,(anonymous_5)
FNDA:0,(anonymous_6)
FNDA:0,(anonymous_7)
FNDA:0,(anonymous_8)
FNDA:0,(anonymous_9)
FNDA:0,(anonymous_10)
FNDA:0,(anonymous_11)
FNDA:0,(anonymous_12)
FNDA:0,(anonymous_13)
FNDA:0,(anonymous_14)
FNDA:0,(anonymous_15)
FNDA:0,(anonymous_16)
FNDA:0,(anonymous_17)
FNDA:0,(anonymous_18)
FNDA:0,(anonymous_19)
FNDA:0,(anonymous_20)
FNDA:0,(anonymous_21)
FNDA:0,(anonymous_22)
FNDA:0,(anonymous_23)
FNDA:0,(anonymous_24)
FNDA:0,(anonymous_25)
FNDA:0,(anonymous_26)
FNDA:0,(anonymous_27)
FNDA:0,(anonymous_28)
FNDA:0,(anonymous_29)
FNDA:0,(anonymous_30)
DA:3,0
DA:4,0
DA:5,0
DA:6,0
DA:7,0
DA:8,0
DA:9,0
DA:10,0
DA:12,0
DA:38,0
DA:54,0
DA:62,0
DA:69,0
DA:70,0
DA:71,0
DA:72,0
DA:73,0
DA:83,0
DA:84,0
DA:85,0
DA:86,0
DA:87,0
DA:88,0
DA:91,0
DA:92,0
DA:93,0
DA:94,0
DA:97,0
DA:99,0
DA:103,0
DA:104,0
DA:105,0
DA:106,0
DA:107,0
DA:108,0
DA:111,0
DA:115,0
DA:116,0
DA:117,0
DA:118,0
DA:119,0
DA:122,0
DA:123,0
DA:124,0
DA:125,0
DA:126,0
DA:127,0
DA:128,0
DA:129,0
DA:130,0
DA:131,0
DA:132,0
DA:135,0
DA:139,0
DA:140,0
DA:141,0
DA:144,0
DA:145,0
DA:148,0
DA:149,0
DA:201,0
DA:202,0
DA:215,0
DA:216,0
DA:239,0
DA:247,0
DA:257,0
DA:265,0
DA:275,0
DA:295,0
DA:304,0
DA:312,0
DA:357,0
DA:402,0
LF:74
LH:0
BRDA:88,0,0,0
BRDA:88,0,1,0
BRDA:92,1,0,0
BRDA:92,1,1,0
BRDA:106,2,0,0
BRDA:106,2,1,0
BRDA:119,3,0,0
BRDA:119,3,1,0
BRDA:119,4,0,0
BRDA:119,4,1,0
BRDA:123,5,0,0
BRDA:123,5,1,0
BRDA:173,6,0,0
BRDA:201,7,0,0
BRDA:201,7,1,0
BRDA:202,8,0,0
BRDA:202,8,1,0
BRDA:215,9,0,0
BRDA:215,9,1,0
BRDA:216,10,0,0
BRDA:216,10,1,0
BRDA:336,11,0,0
BRDA:367,12,0,0
BRDA:367,12,1,0
BRDA:371,13,0,0
BRDA:371,13,1,0
BRDA:376,14,0,0
BRDA:376,14,1,0
BRDA:376,15,0,0
BRDA:376,15,1,0
BRDA:379,16,0,0
BRDA:379,16,1,0
BRDA:383,17,0,0
BRDA:383,17,1,0
BRDA:394,18,0,0
BRDA:394,18,1,0
BRDA:407,19,0,0
BRF:37
BRH:0
end_of_record
TN:
SF:src\modules\management\monitoraggio\page.tsx
FN:53,(anonymous_2)
FN:65,(anonymous_3)
FN:75,(anonymous_4)
FN:85,MonitoraggioPage
FN:105,(anonymous_6)
FN:135,(anonymous_7)
FN:150,(anonymous_8)
FN:161,(anonymous_9)
FN:170,(anonymous_10)
FN:184,(anonymous_11)
FN:188,(anonymous_12)
FN:189,(anonymous_13)
FN:196,(anonymous_14)
FN:217,(anonymous_15)
FN:221,(anonymous_16)
FN:228,(anonymous_17)
FN:233,(anonymous_18)
FN:238,(anonymous_19)
FN:256,(anonymous_20)
FN:274,(anonymous_21)
FN:293,(anonymous_22)
FN:297,(anonymous_23)
FN:300,(anonymous_24)
FN:304,(anonymous_25)
FN:307,(anonymous_26)
FN:313,(anonymous_27)
FN:321,(anonymous_28)
FN:331,(anonymous_29)
FN:357,(anonymous_30)
FN:358,(anonymous_31)
FN:361,(anonymous_32)
FN:363,(anonymous_33)
FN:371,(anonymous_34)
FN:373,(anonymous_35)
FN:381,(anonymous_36)
FN:383,(anonymous_37)
FN:417,(anonymous_38)
FN:432,(anonymous_39)
FN:450,(anonymous_40)
FN:571,(anonymous_41)
FN:655,(anonymous_42)
FN:695,(anonymous_43)
FN:700,(anonymous_44)
FN:745,(anonymous_45)
FN:758,(anonymous_46)
FN:783,(anonymous_47)
FN:791,(anonymous_48)
FNF:47
FNH:0
FNDA:0,(anonymous_2)
FNDA:0,(anonymous_3)
FNDA:0,(anonymous_4)
FNDA:0,MonitoraggioPage
FNDA:0,(anonymous_6)
FNDA:0,(anonymous_7)
FNDA:0,(anonymous_8)
FNDA:0,(anonymous_9)
FNDA:0,(anonymous_10)
FNDA:0,(anonymous_11)
FNDA:0,(anonymous_12)
FNDA:0,(anonymous_13)
FNDA:0,(anonymous_14)
FNDA:0,(anonymous_15)
FNDA:0,(anonymous_16)
FNDA:0,(anonymous_17)
FNDA:0,(anonymous_18)
FNDA:0,(anonymous_19)
FNDA:0,(anonymous_20)
FNDA:0,(anonymous_21)
FNDA:0,(anonymous_22)
FNDA:0,(anonymous_23)
FNDA:0,(anonymous_24)
FNDA:0,(anonymous_25)
FNDA:0,(anonymous_26)
FNDA:0,(anonymous_27)
FNDA:0,(anonymous_28)
FNDA:0,(anonymous_29)
FNDA:0,(anonymous_30)
FNDA:0,(anonymous_31)
FNDA:0,(anonymous_32)
FNDA:0,(anonymous_33)
FNDA:0,(anonymous_34)
FNDA:0,(anonymous_35)
FNDA:0,(anonymous_36)
FNDA:0,(anonymous_37)
FNDA:0,(anonymous_38)
FNDA:0,(anonymous_39)
FNDA:0,(anonymous_40)
FNDA:0,(anonymous_41)
FNDA:0,(anonymous_42)
FNDA:0,(anonymous_43)
FNDA:0,(anonymous_44)
FNDA:0,(anonymous_45)
FNDA:0,(anonymous_46)
FNDA:0,(anonymous_47)
FNDA:0,(anonymous_48)
DA:3,0
DA:4,0
DA:5,0
DA:6,0
DA:7,0
DA:8,0
DA:9,0
DA:10,0
DA:11,0
DA:24,0
DA:30,0
DA:31,0
DA:32,0
DA:33,0
DA:34,0
DA:36,0
DA:53,0
DA:54,0
DA:55,0
DA:56,0
DA:58,0
DA:59,0
DA:62,0
DA:65,0
DA:66,0
DA:72,0
DA:75,0
DA:76,0
DA:82,0
DA:85,0
DA:87,0
DA:88,0
DA:89,0
DA:90,0
DA:91,0
DA:94,0
DA:95,0
DA:96,0
DA:97,0
DA:100,0
DA:101,0
DA:103,0
DA:105,0
DA:106,0
DA:107,0
DA:110,0
DA:116,0
DA:117,0
DA:118,0
DA:121,0
DA:124,0
DA:125,0
DA:131,0
DA:135,0
DA:136,0
DA:137,0
DA:139,0
DA:140,0
DA:141,0
DA:145,0
DA:147,0
DA:148,0
DA:150,0
DA:151,0
DA:158,0
DA:160,0
DA:161,0
DA:162,0
DA:170,0
DA:171,0
DA:174,0
DA:180,0
DA:184,0
DA:185,0
DA:186,0
DA:188,0
DA:189,0
DA:190,0
DA:195,0
DA:196,0
DA:197,0
DA:203,0
DA:211,0
DA:217,0
DA:218,0
DA:221,0
DA:222,0
DA:223,0
DA:228,0
DA:229,0
DA:230,0
DA:233,0
DA:234,0
DA:235,0
DA:238,0
DA:239,0
DA:240,0
DA:241,0
DA:245,0
DA:247,0
DA:248,0
DA:256,0
DA:257,0
DA:258,0
DA:259,0
DA:263,0
DA:265,0
DA:266,0
DA:274,0
DA:275,0
DA:276,0
DA:277,0
DA:281,0
DA:283,0
DA:284,0
DA:293,0
DA:294,0
DA:296,0
DA:297,0
DA:300,0
DA:301,0
DA:303,0
DA:304,0
DA:307,0
DA:308,0
DA:312,0
DA:313,0
DA:315,0
DA:318,0
DA:319,0
DA:321,0
DA:322,0
DA:323,0
DA:327,0
DA:331,0
DA:332,0
DA:333,0
DA:338,0
DA:341,0
DA:345,0
DA:346,0
DA:347,0
DA:348,0
DA:349,0
DA:350,0
DA:351,0
DA:354,0
DA:357,0
DA:358,0
DA:361,0
DA:362,0
DA:363,0
DA:364,0
DA:365,0
DA:368,0
DA:371,0
DA:372,0
DA:373,0
DA:374,0
DA:375,0
DA:378,0
DA:381,0
DA:382,0
DA:383,0
DA:386,0
DA:417,0
DA:433,0
DA:451,0
DA:572,0
DA:656,0
DA:657,0
DA:695,0
DA:700,0
DA:746,0
DA:750,0
DA:753,0
DA:756,0
DA:759,0
DA:783,0
DA:791,0
LF:180
LH:0
BRDA:54,0,0,0
BRDA:54,0,1,0
BRDA:58,1,0,0
BRDA:58,1,1,0
BRDA:72,2,0,0
BRDA:72,2,1,0
BRDA:82,3,0,0
BRDA:82,3,1,0
BRDA:137,4,0,0
BRDA:137,4,1,0
BRDA:171,5,0,0
BRDA:171,5,1,0
BRDA:190,6,0,0
BRDA:190,6,1,0
BRDA:190,6,2,0
BRDA:190,6,3,0
BRDA:195,7,0,0
BRDA:195,7,1,0
BRDA:222,8,0,0
BRDA:222,8,1,0
BRDA:222,9,0,0
BRDA:222,9,1,0
BRDA:294,10,0,0
BRDA:294,10,1,0
BRDA:301,11,0,0
BRDA:301,11,1,0
BRDA:308,12,0,0
BRDA:308,12,1,0
BRDA:315,13,0,0
BRDA:315,13,1,0
BRDA:322,14,0,0
BRDA:322,14,1,0
BRDA:333,15,0,0
BRDA:333,15,1,0
BRDA:333,15,2,0
BRDA:333,15,3,0
BRDA:338,16,0,0
BRDA:338,16,1,0
BRDA:341,17,0,0
BRDA:341,17,1,0
BRDA:346,18,0,0
BRDA:346,18,1,0
BRDA:354,19,0,0
BRDA:354,19,1,0
BRDA:354,19,2,0
BRDA:354,19,3,0
BRDA:358,20,0,0
BRDA:358,20,1,0
BRDA:364,21,0,0
BRDA:364,21,1,0
BRDA:374,22,0,0
BRDA:374,22,1,0
BRDA:382,23,0,0
BRDA:382,23,1,0
BRDA:386,24,0,0
BRDA:386,24,1,0
BRDA:505,25,0,0
BRDA:513,26,0,0
BRDA:513,26,1,0
BRDA:515,27,0,0
BRDA:515,27,1,0
BRDA:571,28,0,0
BRDA:571,28,1,0
BRDA:628,29,0,0
BRDA:661,30,0,0
BRDA:661,30,1,0
BRDA:672,31,0,0
BRDA:678,32,0,0
BRDA:678,32,1,0
BRDA:678,33,0,0
[...]
FN:1127,(anonymous_86)
FN:1142,(anonymous_87)
FN:1150,(anonymous_88)
FN:1154,(anonymous_89)
FN:1157,(anonymous_90)
FN:1161,(anonymous_91)
FN:1164,(anonymous_92)
FN:1167,(anonymous_93)
FN:1171,(anonymous_94)
FN:1174,(anonymous_95)
FN:1177,(anonymous_96)
FN:1181,(anonymous_97)
FN:1184,(anonymous_98)
FN:1188,(anonymous_99)
FN:1191,(anonymous_100)
FN:1194,(anonymous_101)
FN:1259,(anonymous_102)
FN:1265,(anonymous_103)
FN:1283,(anonymous_104)
FN:1308,(anonymous_105)
FN:1364,(anonymous_106)
FN:1383,(anonymous_107)
FN:1393,(anonymous_108)
FN:1397,(anonymous_109)
FN:1400,(anonymous_110)
FN:1403,(anonymous_111)
FN:1407,(anonymous_112)
FN:1410,(anonymous_113)
FN:1414,(anonymous_114)
FN:1417,(anonymous_115)
FN:1421,(anonymous_116)
FN:1461,(anonymous_117)
FN:1531,(anonymous_118)
FN:1534,(anonymous_119)
FN:1538,(anonymous_120)
FN:1567,(anonymous_121)
FN:1595,(anonymous_122)
FN:1623,(anonymous_123)
FN:1651,(anonymous_124)
FN:1668,(anonymous_125)
FN:1672,(anonymous_126)
FN:1727,(anonymous_127)
FN:1747,(anonymous_128)
FN:1754,(anonymous_129)
FN:1761,(anonymous_130)
FN:1768,(anonymous_131)
FN:1843,(anonymous_132)
FN:1865,(anonymous_133)
FN:1872,(anonymous_134)
FN:1880,(anonymous_135)
FN:1888,(anonymous_136)
FN:1895,(anonymous_137)
FN:1902,(anonymous_138)
FNF:124
FNH:0
FNDA:0,(anonymous_15)
FNDA:0,(anonymous_16)
FNDA:0,(anonymous_17)
FNDA:0,(anonymous_18)
FNDA:0,(anonymous_19)
FNDA:0,(anonymous_20)
FNDA:0,(anonymous_21)
FNDA:0,(anonymous_22)
FNDA:0,(anonymous_23)
FNDA:0,(anonymous_24)
FNDA:0,(anonymous_25)
FNDA:0,(anonymous_26)
FNDA:0,(anonymous_27)
FNDA:0,(anonymous_28)
FNDA:0,(anonymous_29)
FNDA:0,(anonymous_30)
FNDA:0,(anonymous_31)
FNDA:0,(anonymous_32)
FNDA:0,(anonymous_33)
FNDA:0,(anonymous_34)
FNDA:0,(anonymous_35)
FNDA:0,(anonymous_36)
FNDA:0,(anonymous_37)
FNDA:0,(anonymous_38)
FNDA:0,(anonymous_39)
FNDA:0,(anonymous_40)
FNDA:0,(anonymous_41)
FNDA:0,(anonymous_42)
FNDA:0,(anonymous_43)
FNDA:0,(anonymous_44)
FNDA:0,(anonymous_45)
FNDA:0,(anonymous_46)
FNDA:0,(anonymous_47)
FNDA:0,(anonymous_48)
FNDA:0,(anonymous_49)
FNDA:0,(anonymous_50)
FNDA:0,(anonymous_51)
FNDA:0,(anonymous_52)
FNDA:0,(anonymous_53)
FNDA:0,(anonymous_54)
FNDA:0,(anonymous_55)
FNDA:0,(anonymous_56)
FNDA:0,(anonymous_57)
FNDA:0,(anonymous_58)
FNDA:0,(anonymous_59)
FNDA:0,(anonymous_60)
FNDA:0,(anonymous_61)
FNDA:0,(anonymous_62)
FNDA:0,(anonymous_63)
FNDA:0,(anonymous_64)
FNDA:0,(anonymous_65)
FNDA:0,(anonymous_66)
FNDA:0,(anonymous_67)
FNDA:0,(anonymous_68)
FNDA:0,(anonymous_69)
FNDA:0,(anonymous_70)
FNDA:0,(anonymous_71)
FNDA:0,(anonymous_72)
FNDA:0,(anonymous_73)
FNDA:0,(anonymous_74)
FNDA:0,(anonymous_75)
FNDA:0,(anonymous_76)
FNDA:0,(anonymous_77)
FNDA:0,(anonymous_78)
FNDA:0,(anonymous_79)
FNDA:0,(anonymous_80)
FNDA:0,(anonymous_81)
FNDA:0,(anonymous_82)
FNDA:0,(anonymous_83)
FNDA:0,(anonymous_84)
FNDA:0,(anonymous_85)
FNDA:0,(anonymous_86)
FNDA:0,(anonymous_87)
FNDA:0,(anonymous_88)
FNDA:0,(anonymous_89)
FNDA:0,(anonymous_90)
FNDA:0,(anonymous_91)
FNDA:0,(anonymous_92)
FNDA:0,(anonymous_93)
FNDA:0,(anonymous_94)
FNDA:0,(anonymous_95)
FNDA:0,(anonymous_96)
FNDA:0,(anonymous_97)
FNDA:0,(anonymous_98)
FNDA:0,(anonymous_99)
FNDA:0,(anonymous_100)
FNDA:0,(anonymous_101)
FNDA:0,(anonymous_102)
FNDA:0,(anonymous_103)
FNDA:0,(anonymous_104)
FNDA:0,(anonymous_105)
FNDA:0,(anonymous_106)
FNDA:0,(anonymous_107)
FNDA:0,(anonymous_108)
FNDA:0,(anonymous_109)
FNDA:0,(anonymous_110)
FNDA:0,(anonymous_111)
FNDA:0,(anonymous_112)
FNDA:0,(anonymous_113)
FNDA:0,(anonymous_114)
FNDA:0,(anonymous_115)
FNDA:0,(anonymous_116)
FNDA:0,(anonymous_117)
FNDA:0,(anonymous_118)
FNDA:0,(anonymous_119)
FNDA:0,(anonymous_120)
FNDA:0,(anonymous_121)
FNDA:0,(anonymous_122)
FNDA:0,(anonymous_123)
FNDA:0,(anonymous_124)
FNDA:0,(anonymous_125)
FNDA:0,(anonymous_126)
FNDA:0,(anonymous_127)
FNDA:0,(anonymous_128)
FNDA:0,(anonymous_129)
FNDA:0,(anonymous_130)
FNDA:0,(anonymous_131)
FNDA:0,(anonymous_132)
FNDA:0,(anonymous_133)
FNDA:0,(anonymous_134)
FNDA:0,(anonymous_135)
FNDA:0,(anonymous_136)
FNDA:0,(anonymous_137)
FNDA:0,(anonymous_138)
DA:3,0
DA:17,0
DA:19,0
DA:22,0
DA:23,0
DA:26,0
DA:27,0
DA:30,0
DA:31,0
DA:34,0
DA:35,0
DA:36,0
DA:38,0
DA:41,0
DA:42,0
DA:45,0
DA:46,0
DA:49,0
DA:50,0
DA:54,0
DA:55,0
DA:58,0
DA:59,0
DA:60,0
DA:62,0
DA:64,0
DA:66,0
DA:68,0
DA:70,0
DA:75,0
DA:76,0
DA:79,0
DA:83,0
DA:89,0
DA:91,0
DA:92,0
DA:95,0
DA:96,0
DA:101,0
DA:103,0
DA:104,0
DA:107,0
DA:116,0
DA:117,0
DA:118,0
DA:119,0
DA:122,0
DA:123,0
DA:124,0
DA:125,0
DA:128,0
DA:129,0
DA:130,0
DA:131,0
DA:134,0
DA:135,0
DA:136,0
DA:137,0
DA:140,0
DA:141,0
DA:142,0
DA:143,0
DA:146,0
DA:255,0
DA:258,0
DA:259,0
DA:264,0
DA:265,0
DA:270,0
DA:271,0
DA:276,0
DA:277,0
DA:282,0
DA:283,0
DA:288,0
DA:305,0
DA:306,0
DA:311,0
DA:316,0
DA:317,0
DA:319,0
DA:327,0
DA:328,0
DA:331,0
DA:332,0
DA:335,0
DA:336,0
DA:337,0
DA:345,0
DA:348,0
DA:349,0
DA:358,0
DA:362,0
DA:363,0
DA:364,0
DA:367,0
DA:368,0
DA:369,0
DA:371,0
DA:374,0
DA:375,0
DA:384,0
DA:389,0
DA:392,0
DA:393,0
DA:394,0
DA:395,0
DA:396,0
DA:397,0
DA:398,0
DA:400,0
DA:401,0
DA:406,0
DA:410,0
DA:414,0
DA:418,0
DA:422,0
DA:426,0
DA:429,0
DA:430,0
DA:431,0
DA:432,0
DA:434,0
DA:435,0
DA:440,0
DA:444,0
DA:448,0
DA:452,0
DA:456,0
DA:459,0
DA:460,0
DA:465,0
DA:466,0
DA:471,0
DA:472,0
DA:477,0
DA:478,0
DA:483,0
DA:554,0
DA:557,0
DA:558,0
DA:563,0
DA:564,0
DA:569,0
DA:570,0
DA:575,0
DA:576,0
DA:581,0
DA:582,0
DA:587,0
DA:629,0
DA:632,0
DA:634,0
DA:635,0
DA:636,0
DA:637,0
DA:638,0
DA:640,0
DA:641,0
DA:643,0
DA:645,0
DA:646,0
DA:647,0
DA:651,0
DA:652,0
DA:655,0
DA:663,0
DA:664,0
DA:665,0
DA:666,0
DA:667,0
DA:671,0
DA:672,0
DA:673,0
DA:677,0
DA:682,0
DA:683,0
DA:684,0
DA:685,0
DA:686,0
DA:688,0
DA:689,0
DA:695,0
DA:696,0
DA:697,0
DA:698,0
DA:699,0
DA:701,0
DA:702,0
DA:708,0
DA:709,0
DA:710,0
DA:711,0
DA:712,0
DA:714,0
DA:715,0
DA:721,0
DA:722,0
DA:723,0
DA:724,0
DA:725,0
DA:727,0
DA:728,0
DA:740,0
DA:741,0
DA:742,0
DA:745,0
DA:754,0
DA:755,0
DA:757,0
DA:758,0
DA:772,0
DA:781,0
DA:794,0
DA:803,0
DA:808,0
DA:809,0
DA:813,0
DA:814,0
DA:819,0
DA:820,0
DA:825,0
DA:826,0
DA:827,0
DA:830,0
DA:831,0
DA:833,0
DA:834,0
DA:841,0
DA:842,0
DA:847,0
DA:848,0
DA:853,0
DA:854,0
DA:859,0
DA:860,0
DA:871,0
DA:873,0
DA:874,0
DA:875,0
DA:876,0
DA:877,0
DA:879,0
DA:880,0
DA:881,0
DA:886,0
DA:887,0
DA:888,0
DA:919,0
DA:922,0
DA:923,0
DA:924,0
DA:926,0
DA:927,0
DA:932,0
DA:936,0
DA:940,0
DA:944,0
DA:948,0
DA:949,0
DA:951,0
DA:952,0
DA:957,0
DA:958,0
DA:961,0
DA:964,0
DA:965,0
DA:966,0
DA:969,0
DA:971,0
DA:973,0
DA:981,0
DA:1031,0
DA:1034,0
DA:1035,0
DA:1048,0
DA:1049,0
DA:1050,0
DA:1051,0
DA:1052,0
DA:1053,0
DA:1054,0
DA:1055,0
DA:1057,0
DA:1058,0
DA:1063,0
DA:1064,0
DA:1065,0
DA:1066,0
DA:1067,0
DA:1072,0
DA:1073,0
DA:1075,0
DA:1076,0
DA:1081,0
DA:1082,0
DA:1083,0
DA:1084,0
DA:1085,0
DA:1090,0
DA:1091,0
DA:1093,0
DA:1094,0
DA:1099,0
DA:1100,0
DA:1109,0
DA:1110,0
DA:1111,0
DA:1112,0
DA:1115,0
DA:1116,0
DA:1117,0
DA:1119,0
DA:1120,0
DA:1126,0
DA:1132,0
DA:1133,0
DA:1134,0
DA:1135,0
DA:1137,0
DA:1138,0
DA:1147,0
DA:1151,0
DA:1155,0
DA:1158,0
DA:1162,0
DA:1165,0
DA:1168,0
DA:1172,0
DA:1175,0
DA:1178,0
DA:1182,0
DA:1185,0
DA:1189,0
DA:1192,0
DA:1199,0
DA:1200,0
DA:1201,0
DA:1202,0
DA:1204,0
DA:1205,0
DA:1258,0
DA:1260,0
DA:1274,0
DA:1275,0
DA:1290,0
DA:1292,0
DA:1293,0
DA:1295,0
DA:1296,0
DA:1305,0
DA:1307,0
DA:1308,0
DA:1309,0
DA:1313,0
DA:1314,0
DA:1315,0
DA:1316,0
DA:1317,0
DA:1320,0
DA:1323,0
DA:1326,0
DA:1327,0
DA:1330,0
DA:1331,0
DA:1332,0
DA:1355,0
DA:1356,0
DA:1359,0
DA:1360,0
DA:1371,0
DA:1372,0
DA:1373,0
DA:1374,0
DA:1375,0
DA:1376,0
DA:1378,0
DA:1379,0
DA:1390,0
DA:1394,0
DA:1398,0
DA:1401,0
DA:1404,0
DA:1408,0
DA:1411,0
DA:1415,0
DA:1418,0
DA:1439,0
DA:1440,0
DA:1441,0
DA:1443,0
DA:1452,0
DA:1453,0
DA:1455,0
DA:1456,0
DA:1498,0
DA:1504,0
DA:1506,0
DA:1508,0
DA:1509,0
DA:1510,0
DA:1511,0
DA:1512,0
DA:1514,0
DA:1522,0
DA:1523,0
DA:1525,0
DA:1526,0
DA:1532,0
DA:1535,0
DA:1543,0
DA:1544,0
DA:1546,0
DA:1547,0
DA:1548,0
DA:1550,0
DA:1555,0
DA:1556,0
DA:1558,0
DA:1561,0
DA:1562,0
DA:1572,0
DA:1573,0
DA:1575,0
DA:1576,0
DA:1577,0
DA:1579,0
DA:1584,0
DA:1585,0
DA:1587,0
DA:1589,0
DA:1590,0
DA:1600,0
DA:1601,0
DA:1603,0
DA:1604,0
DA:1605,0
DA:1607,0
DA:1612,0
DA:1613,0
DA:1615,0
DA:1617,0
DA:1618,0
DA:1628,0
DA:1629,0
DA:1631,0
DA:1632,0
DA:1633,0
DA:1635,0
DA:1640,0
DA:1641,0
DA:1643,0
DA:1645,0
DA:1646,0
DA:1657,0
DA:1667,0
DA:1669,0
DA:1681,0
DA:1723,0
DA:1728,0
DA:1730,0
DA:1731,0
DA:1732,0
DA:1733,0
DA:1734,0
DA:1735,0
DA:1736,0
DA:1737,0
DA:1738,0
DA:1740,0
DA:1741,0
DA:1748,0
DA:1755,0
DA:1762,0
DA:1769,0
DA:1771,0
DA:1772,0
DA:1773,0
DA:1774,0
DA:1776,0
DA:1778,0
DA:1779,0
DA:1786,0
DA:1787,0
DA:1790,0
DA:1791,0
DA:1792,0
DA:1793,0
DA:1794,0
DA:1795,0
DA:1796,0
DA:1797,0
DA:1798,0
DA:1800,0
DA:1801,0
DA:1839,0
DA:1850,0
DA:1852,0
DA:1853,0
DA:1854,0
DA:1855,0
DA:1856,0
DA:1858,0
DA:1859,0
DA:1866,0
DA:1873,0
DA:1881,0
DA:1889,0
DA:1896,0
DA:1903,0
LF:510
LH:0
BRDA:17,0,0,0
BRDA:17,0,1,0
BRDA:23,1,0,0
BRDA:23,1,1,0
BRDA:26,2,0,0
BRDA:26,2,1,0
BRDA:26,3,0,0
BRDA:26,3,1,0
BRDA:27,4,0,0
BRDA:27,4,1,0
BRDA:31,5,0,0
BRDA:31,5,1,0
BRDA:31,6,0,0
BRDA:31,6,1,0
BRDA:31,6,2,0
BRDA:31,6,3,0
BRDA:34,7,0,0
BRDA:34,7,1,0
BRDA:35,8,0,0
BRDA:35,8,1,0
BRDA:36,9,0,0
BRDA:36,9,1,0
BRDA:42,10,0,0
BRDA:42,10,1,0
BRDA:45,11,0,0
BRDA:45,11,1,0
BRDA:45,12,0,0
BRDA:45,12,1,0
BRDA:49,13,0,0
BRDA:49,13,1,0
BRDA:54,14,0,0
BRDA:54,14,1,0
BRDA:58,15,0,0
BRDA:58,15,1,0
BRDA:60,16,0,0
BRDA:60,16,1,0
BRDA:60,16,2,0
BRDA:60,16,3,0
BRDA:60,16,4,0
BRDA:70,17,0,0
BRDA:70,17,1,0
BRDA:75,18,0,0
BRDA:75,18,1,0
BRDA:91,19,0,0
BRDA:91,19,1,0
BRDA:116,20,0,0
BRDA:116,20,1,0
BRDA:116,21,0,0
BRDA:116,21,1,0
BRDA:122,22,0,0
BRDA:122,22,1,0
BRDA:128,23,0,0
BRDA:128,23,1,0
BRDA:134,24,0,0
BRDA:134,24,1,0
BRDA:135,25,0,0
BRDA:135,25,1,0
BRDA:140,26,0,0
BRDA:140,26,1,0
BRDA:141,27,0,0
BRDA:141,27,1,0
BRDA:313,28,0,0
BRDA:317,29,0,0
BRDA:317,29,1,0
BRDA:327,30,0,0
BRDA:327,30,1,0
BRDA:335,31,0,0
BRDA:335,31,1,0
BRDA:339,32,0,0
BRDA:339,32,1,0
BRDA:348,33,0,0
BRDA:348,33,1,0
BRDA:348,34,0,0
BRDA:348,34,1,0
BRDA:362,35,0,0
BRDA:362,35,1,0
BRDA:374,36,0,0
BRDA:374,36,1,0
BRDA:374,37,0,0
BRDA:374,37,1,0
BRDA:377,38,0,0
BRDA:377,38,1,0
BRDA:393,39,0,0
BRDA:393,39,1,0
BRDA:394,40,0,0
BRDA:394,40,1,0
BRDA:395,41,0,0
BRDA:395,41,1,0
BRDA:396,42,0,0
BRDA:396,42,1,0
BRDA:397,43,0,0
BRDA:397,43,1,0
BRDA:398,44,0,0
BRDA:398,44,1,0
BRDA:400,45,0,0
BRDA:400,45,1,0
BRDA:430,46,0,0
BRDA:430,46,1,0
BRDA:431,47,0,0
BRDA:431,47,1,0
BRDA:432,48,0,0
BRDA:432,48,1,0
BRDA:434,49,0,0
BRDA:434,49,1,0
BRDA:632,50,0,0
BRDA:632,51,0,0
BRDA:632,52,0,0
BRDA:632,52,1,0
BRDA:635,53,0,0
BRDA:635,53,1,0
BRDA:636,54,0,0
BRDA:636,54,1,0
BRDA:637,55,0,0
BRDA:637,55,1,0
BRDA:638,56,0,0
BRDA:638,56,1,0
BRDA:640,57,0,0
BRDA:640,57,1,0
BRDA:657,58,0,0
BRDA:657,58,1,0
BRDA:663,59,0,0
BRDA:663,59,1,0
BRDA:663,60,0,0
BRDA:663,60,1,0
BRDA:720,61,0,0
BRDA:723,62,0,0
BRDA:723,62,1,0
BRDA:733,63,0,0
BRDA:742,64,0,0
BRDA:742,64,1,0
BRDA:873,65,0,0
BRDA:873,65,1,0
BRDA:874,66,0,0
BRDA:874,66,1,0
BRDA:875,67,0,0
BRDA:875,67,1,0
BRDA:876,68,0,0
BRDA:876,68,1,0
BRDA:877,69,0,0
BRDA:877,69,1,0
BRDA:879,70,0,0
BRDA:879,70,1,0
BRDA:886,71,0,0
BRDA:886,71,1,0
BRDA:923,72,0,0
BRDA:923,72,1,0
BRDA:924,73,0,0
BRDA:924,73,1,0
BRDA:926,74,0,0
BRDA:926,74,1,0
BRDA:949,75,0,0
BRDA:949,75,1,0
BRDA:951,76,0,0
BRDA:951,76,1,0
BRDA:958,77,0,0
BRDA:958,77,1,0
BRDA:967,78,0,0
BRDA:967,78,1,0
BRDA:984,79,0,0
BRDA:984,79,1,0
BRDA:1049,80,0,0
BRDA:1049,80,1,0
BRDA:1050,81,0,0
BRDA:1050,81,1,0
BRDA:1051,82,0,0
BRDA:1051,82,1,0
BRDA:1052,83,0,0
BRDA:1052,83,1,0
BRDA:1053,84,0,0
BRDA:1053,84,1,0
BRDA:1054,85,0,0
BRDA:1054,85,1,0
BRDA:1055,86,0,0
BRDA:1055,86,1,0
BRDA:1057,87,0,0
BRDA:1057,87,1,0
BRDA:1065,88,0,0
BRDA:1065,88,1,0
BRDA:1069,89,0,0
BRDA:1069,89,1,0
BRDA:1083,90,0,0
BRDA:1083,90,1,0
BRDA:1087,91,0,0
BRDA:1087,91,1,0
BRDA:1109,92,0,0
BRDA:1109,92,1,0
BRDA:1111,93,0,0
BRDA:1111,93,1,0
BRDA:1133,94,0,0
BRDA:1133,94,1,0
BRDA:1134,95,0,0
BRDA:1134,95,1,0
BRDA:1135,96,0,0
BRDA:1135,96,1,0
BRDA:1137,97,0,0
BRDA:1137,97,1,0
BRDA:1200,98,0,0
BRDA:1200,98,1,0
BRDA:1201,99,0,0
BRDA:1201,99,1,0
BRDA:1202,100,0,0
BRDA:1202,100,1,0
BRDA:1204,101,0,0
BRDA:1204,101,1,0
BRDA:1307,102,0,0
BRDA:1307,102,1,0
BRDA:1313,103,0,0
BRDA:1313,103,1,0
BRDA:1313,104,0,0
BRDA:1313,104,1,0
BRDA:1313,104,2,0
BRDA:1313,104,3,0
BRDA:1323,105,0,0
BRDA:1323,105,1,0
BRDA:1330,106,0,0
BRDA:1330,106,1,0
BRDA:1330,107,0,0
BRDA:1330,107,1,0
BRDA:1372,108,0,0
BRDA:1372,108,1,0
BRDA:1373,109,0,0
BRDA:1373,109,1,0
BRDA:1374,110,0,0
BRDA:1374,110,1,0
BRDA:1375,111,0,0
BRDA:1375,111,1,0
BRDA:1376,112,0,0
BRDA:1376,112,1,0
BRDA:1378,113,0,0
BRDA:1378,113,1,0
BRDA:1421,114,0,0
BRDA:1441,115,0,0
BRDA:1441,115,1,0
BRDA:1461,116,0,0
BRDA:1500,117,0,0
BRDA:1501,118,0,0
BRDA:1503,119,0,0
BRDA:1510,120,0,0
BRDA:1510,120,1,0
BRDA:1511,121,0,0
BRDA:1511,121,1,0
BRDA:1561,122,0,0
BRDA:1561,122,1,0
BRDA:1561,122,2,0
BRDA:1589,123,0,0
BRDA:1589,123,1,0
BRDA:1589,123,2,0
BRDA:1617,124,0,0
BRDA:1617,124,1,0
BRDA:1617,124,2,0
BRDA:1645,125,0,0
BRDA:1645,125,1,0
BRDA:1645,125,2,0
BRDA:1730,126,0,0
BRDA:1730,126,1,0
BRDA:1731,127,0,0
BRDA:1731,127,1,0
BRDA:1732,128,0,0
BRDA:1732,128,1,0
BRDA:1733,129,0,0
BRDA:1733,129,1,0
BRDA:1734,130,0,0
BRDA:1734,130,1,0
BRDA:1735,131,0,0
BRDA:1735,131,1,0
BRDA:1736,132,0,0
BRDA:1736,132,1,0
BRDA:1737,133,0,0
BRDA:1737,133,1,0
BRDA:1738,134,0,0
BRDA:1738,134,1,0
BRDA:1740,135,0,0
BRDA:1740,135,1,0
BRDA:1747,136,0,0
BRDA:1754,137,0,0
BRDA:1761,138,0,0
BRDA:1771,139,0,0
BRDA:1771,139,1,0
BRDA:1772,140,0,0
BRDA:1772,140,1,0
BRDA:1773,141,0,0
BRDA:1773,141,1,0
BRDA:1774,142,0,0
BRDA:1774,142,1,0
BRDA:1776,143,0,0
BRDA:1776,143,1,0
BRDA:1786,144,0,0
BRDA:1786,144,1,0
BRDA:1852,145,0,0
BRDA:1852,145,1,0
BRDA:1853,146,0,0
BRDA:1853,146,1,0
BRDA:1854,147,0,0
BRDA:1854,147,1,0
BRDA:1855,148,0,0
BRDA:1855,148,1,0
BRDA:1856,149,0,0
BRDA:1856,149,1,0
BRDA:1858,150,0,0
BRDA:1858,150,1,0
BRDA:1880,151,0,0
BRDA:1888,152,0,0
BRDA:1888,153,0,0
BRDA:1895,154,0,0
BRDA:1895,155,0,0
BRF:305
BRH:0
end_of_record
TN:
SF:src\shared\lib\config.ts
FNF:0
FNH:0
DA:6,0
DA:9,0
DA:32,0
DA:39,0
LF:4
LH:0
BRDA:6,0,0,0
BRDA:6,0,1,0
BRF:2
BRH:0
end_of_record
TN:
SF:src\shared\lib\constants.ts
FN:350,(anonymous_35)
FN:374,(anonymous_36)
FN:404,(anonymous_37)
FNF:3
FNH:0
FNDA:0,(anonymous_35)
FNDA:0,(anonymous_36)
FNDA:0,(anonymous_37)
DA:21,0
DA:28,0
DA:38,0
DA:48,0
DA:58,0
DA:68,0
DA:78,0
DA:102,0
DA:113,0
DA:124,0
DA:139,0
DA:147,0
DA:155,0
DA:163,0
DA:175,0
DA:182,0
DA:189,0
DA:200,0
DA:209,0
DA:218,0
DA:227,0
DA:240,0
DA:248,0
DA:260,0
DA:273,0
DA:281,0
DA:294,0
DA:302,0
DA:314,0
DA:321,0
DA:328,0
DA:336,0
DA:350,0
DA:351,0
DA:353,0
DA:356,0
DA:357,0
DA:359,0
DA:361,0
DA:363,0
DA:365,0
DA:367,0
DA:374,0
DA:375,0
DA:377,0
DA:380,0
DA:381,0
DA:383,0
DA:385,0
DA:387,0
DA:389,0
DA:391,0
DA:393,0
DA:395,0
DA:397,0
DA:404,0
DA:409,0
DA:410,0
DA:411,0
DA:413,0
LF:60
LH:0
BRDA:351,0,0,0
BRDA:351,0,1,0
BRDA:351,0,2,0
BRDA:351,0,3,0
BRDA:351,0,4,0
BRDA:351,0,5,0
BRDA:351,0,6,0
BRDA:353,1,0,0
BRDA:353,1,1,0
BRDA:359,2,0,0
BRDA:359,2,1,0
BRDA:361,3,0,0
BRDA:361,3,1,0
BRDA:363,4,0,0
BRDA:363,4,1,0
BRDA:365,5,0,0
BRDA:365,5,1,0
BRDA:375,6,0,0
BRDA:375,6,1,0
BRDA:375,6,2,0
BRDA:375,6,3,0
BRDA:375,6,4,0
BRDA:375,6,5,0
BRDA:375,6,6,0
BRDA:375,6,7,0
BRDA:375,6,8,0
BRDA:375,6,9,0
BRDA:377,7,0,0
BRDA:377,7,1,0
BRDA:383,8,0,0
BRDA:383,8,1,0
BRDA:385,9,0,0
BRDA:385,9,1,0
BRDA:387,10,0,0
BRDA:387,10,1,0
BRDA:389,11,0,0
BRDA:389,11,1,0
BRDA:391,12,0,0
BRDA:391,12,1,0
BRDA:393,13,0,0
BRDA:393,13,1,0
BRDA:395,14,0,0
BRDA:395,14,1,0
BRDA:409,15,0,0
BRDA:409,15,1,0
BRDA:411,16,0,0
BRDA:411,16,1,0
BRF:47
BRH:0
end_of_record
TN:
SF:src\shared\lib\swrConfig.ts
FN:37,(anonymous_4)
FN:55,(anonymous_5)
FN:65,(anonymous_6)
FNF:3
FNH:0
FNDA:0,(anonymous_4)
FNDA:0,(anonymous_5)
FNDA:0,(anonymous_6)
DA:13,0
DA:38,0
DA:45,0
DA:46,0
DA:47,0
DA:48,0
DA:51,0
DA:56,0
DA:59,0
DA:60,0
DA:66,0
DA:67,0
DA:76,0
DA:91,0
LF:14
LH:0
BRDA:45,0,0,0
BRDA:45,0,1,0
BRDA:59,1,0,0
BRDA:59,1,1,0
BRDA:59,2,0,0
BRDA:59,2,1,0
BRDA:66,3,0,0
BRDA:66,3,1,0
BRF:8
BRH:0
end_of_record
TN:
SF:src\shared\lib\utils.ts
FN:7,cn
FN:16,formatDateIT
FN:36,formatDateTime
FN:58,formatDuration
FN:73,(anonymous_10)
FN:73,(anonymous_11)
FNF:6
FNH:0
FNDA:0,cn
FNDA:0,formatDateIT
FNDA:0,formatDateTime
FNDA:0,formatDuration
FNDA:0,(anonymous_10)
FNDA:0,(anonymous_11)
DA:1,0
DA:2,0
DA:7,0
DA:8,0
DA:16,0
DA:17,0
DA:19,0
DA:22,0
DA:24,0
DA:36,0
DA:37,0
DA:39,0
DA:42,0
DA:44,0
DA:58,0
DA:59,0
DA:60,0
DA:61,0
DA:63,0
DA:64,0
DA:67,0
DA:73,0
LF:22
LH:0
BRDA:17,0,0,0
BRDA:17,0,1,0
BRDA:19,1,0,0
BRDA:19,1,1,0
BRDA:22,2,0,0
BRDA:22,2,1,0
BRDA:37,3,0,0
BRDA:37,3,1,0
BRDA:39,4,0,0
BRDA:39,4,1,0
BRDA:42,5,0,0
BRDA:42,5,1,0
BRDA:59,6,0,0
BRDA:59,6,1,0
BRDA:63,7,0,0
BRDA:63,7,1,0
BRF:16
BRH:0
end_of_record
TN:
SF:src\shared\lib\types\form.ts
FN:23,(anonymous_7)
FNF:1
FNH:0
FNDA:0,(anonymous_7)
DA:1,0
DA:3,0
DA:14,0
DA:25,0
DA:26,0
DA:32,0
DA:40,0
LF:7
LH:0
BRDA:25,0,0,0
BRDA:25,0,1,0
BRDA:27,1,0,0
BRDA:27,1,1,0
BRDA:27,1,2,0
BRDA:27,1,3,0
BRDA:27,1,4,0
BRDA:27,1,5,0
BRF:8
BRH:0
end_of_record
TN:
SF:src\shared\lib\types\schedule.ts
FN:5,(anonymous_3)
FN:16,(anonymous_4)
FNF:2
FNH:0
FNDA:0,(anonymous_3)
FNDA:0,(anonymous_4)
DA:5,0
DA:16,0
LF:2
LH:0
BRDA:5,0,0,0
BRDA:5,0,1,0
BRDA:16,1,0,0
BRDA:16,1,1,0
BRF:4
BRH:0
end_of_record
TN:
SF:src\shared\services\toast-service.ts
FN:48,(anonymous_11)
FN:58,(anonymous_12)
FN:92,(anonymous_13)
FN:112,(anonymous_14)
FN:136,(anonymous_15)
FN:177,(anonymous_16)
FN:189,(anonymous_17)
FN:219,(anonymous_18)
FN:235,(anonymous_19)
FN:250,(anonymous_20)
FN:264,(anonymous_21)
FN:278,(anonymous_22)
FN:287,(anonymous_23)
FN:291,(anonymous_24)
FN:295,(anonymous_25)
FN:299,(anonymous_26)
FN:308,(anonymous_28)
FN:309,(anonymous_29)
FN:310,(anonymous_30)
FN:311,(anonymous_31)
FN:314,(anonymous_32)
FN:315,(anonymous_33)
FN:316,(anonymous_34)
FN:317,(anonymous_35)
FNF:24
FNH:0
FNDA:0,(anonymous_11)
FNDA:0,(anonymous_12)
FNDA:0,(anonymous_13)
FNDA:0,(anonymous_14)
FNDA:0,(anonymous_15)
FNDA:0,(anonymous_16)
FNDA:0,(anonymous_17)
FNDA:0,(anonymous_18)
FNDA:0,(anonymous_19)
FNDA:0,(anonymous_20)
FNDA:0,(anonymous_21)
FNDA:0,(anonymous_22)
FNDA:0,(anonymous_23)
FNDA:0,(anonymous_24)
FNDA:0,(anonymous_25)
FNDA:0,(anonymous_26)
FNDA:0,(anonymous_28)
FNDA:0,(anonymous_29)
FNDA:0,(anonymous_30)
FNDA:0,(anonymous_31)
FNDA:0,(anonymous_32)
FNDA:0,(anonymous_33)
FNDA:0,(anonymous_34)
FNDA:0,(anonymous_35)
DA:12,0
DA:35,0
DA:37,0
DA:38,0
DA:41,0
DA:49,0
DA:50,0
DA:52,0
DA:66,0
DA:69,0
DA:70,0
DA:71,0
DA:72,0
DA:76,0
DA:77,0
DA:81,0
DA:84,0
DA:92,0
DA:93,0
DA:97,0
DA:98,0
DA:113,0
DA:115,0
DA:116,0
DA:123,0
DA:142,0
DA:144,0
DA:145,0
DA:146,0
DA:149,0
DA:150,0
DA:151,0
DA:152,0
DA:153,0
DA:154,0
DA:155,0
DA:156,0
DA:157,0
DA:158,0
DA:159,0
DA:160,0
DA:161,0
DA:164,0
DA:178,0
DA:193,0
DA:195,0
DA:196,0
DA:197,0
DA:199,0
DA:200,0
DA:201,0
DA:203,0
DA:204,0
DA:205,0
DA:208,0
DA:220,0
DA:228,0
DA:229,0
DA:232,0
DA:236,0
DA:238,0
DA:240,0
DA:242,0
DA:244,0
DA:246,0
DA:251,0
DA:261,0
DA:265,0
DA:275,0
DA:281,0
DA:288,0
DA:292,0
DA:296,0
DA:300,0
DA:305,0
DA:308,0
DA:309,0
DA:310,0
DA:311,0
DA:314,0
DA:315,0
DA:316,0
DA:317,0
LF:83
LH:0
BRDA:49,0,0,0
BRDA:49,0,1,0
BRDA:63,1,0,0
BRDA:64,2,0,0
BRDA:69,3,0,0
BRDA:69,3,1,0
BRDA:70,4,0,0
BRDA:70,4,1,0
BRDA:76,5,0,0
BRDA:76,5,1,0
BRDA:76,6,0,0
BRDA:76,6,1,0
BRDA:97,7,0,0
BRDA:97,7,1,0
BRDA:113,8,0,0
BRDA:115,9,0,0
BRDA:115,9,1,0
BRDA:119,10,0,0
BRDA:119,10,1,0
BRDA:119,11,0,0
BRDA:119,11,1,0
BRDA:126,12,0,0
BRDA:126,12,1,0
BRDA:126,13,0,0
BRDA:126,13,1,0
BRDA:149,14,0,0
BRDA:149,14,1,0
BRDA:152,15,0,0
BRDA:152,15,1,0
BRDA:154,16,0,0
BRDA:154,16,1,0
BRDA:156,17,0,0
BRDA:156,17,1,0
BRDA:159,18,0,0
BRDA:159,18,1,0
BRDA:159,19,0,0
BRDA:159,19,1,0
BRDA:170,20,0,0
BRDA:170,20,1,0
BRDA:170,21,0,0
BRDA:170,21,1,0
BRDA:181,22,0,0
BRDA:181,22,1,0
BRDA:193,23,0,0
BRDA:193,23,1,0
BRDA:193,23,2,0
BRDA:196,24,0,0
BRDA:196,24,1,0
BRDA:228,25,0,0
BRDA:228,25,1,0
BRDA:236,26,0,0
BRDA:236,26,1,0
BRDA:236,26,2,0
BRDA:236,26,3,0
BRDA:236,26,4,0
BRDA:261,27,0,0
BRDA:261,27,1,0
BRDA:275,28,0,0
BRDA:275,28,1,0
BRF:59
BRH:0
end_of_record
